This is pdfTeX, Version 3.1415926-2.4-1.40.13 (TeX Live 2012/Debian) (format=pdflatex 2012.8.19)  7 SEP 2012 22:38
entering extended mode
 restricted \write18 enabled.
 %&-line parsing enabled.
**document.tex
(./document.tex
LaTeX2e <2011/06/27>
Babel <v3.8m> and hyphenation patterns for english, dumylang, nohyphenation, ny
norsk, bokmal, loaded.
(/usr/share/texlive/texmf-dist/tex/latex/koma-script/scrartcl.cls
Document Class: scrartcl 2012/05/15 v3.11 KOMA-Script document class (article)
(/usr/share/texlive/texmf-dist/tex/latex/koma-script/scrkbase.sty
Package: scrkbase 2012/05/15 v3.11 KOMA-Script package (KOMA-Script-dependent b
asics and keyval usage)

(/usr/share/texlive/texmf-dist/tex/latex/koma-script/scrbase.sty
Package: scrbase 2012/05/15 v3.11 KOMA-Script package (KOMA-Script-independent 
basics and keyval usage)

(/usr/share/texlive/texmf-dist/tex/latex/graphics/keyval.sty
Package: keyval 1999/03/16 v1.13 key=value parser (DPC)
\KV@toks@=\toks14
)
(/usr/share/texlive/texmf-dist/tex/latex/koma-script/scrlfile.sty
Package: scrlfile 2011/03/09 v3.09 KOMA-Script package (loading files)

Package scrlfile, 2011/03/09 v3.09 KOMA-Script package (loading files)
                  Copyright (C) Markus Kohm

))) (/usr/share/texlive/texmf-dist/tex/latex/koma-script/tocbasic.sty
Package: tocbasic 2012/04/04 v3.10b KOMA-Script package (handling toc-files)
)
Package tocbasic Info: omitting babel extension for `toc'
(tocbasic)             because of feature `nobabel' available
(tocbasic)             for `toc' on input line 115.
Package tocbasic Info: omitting babel extension for `lof'
(tocbasic)             because of feature `nobabel' available
(tocbasic)             for `lof' on input line 116.
Package tocbasic Info: omitting babel extension for `lot'
(tocbasic)             because of feature `nobabel' available
(tocbasic)             for `lot' on input line 117.
Class scrartcl Info: File `scrsize11pt.clo' used instead of
(scrartcl)           file `scrsize11.clo' to setup font sizes on input line 126
5.

(/usr/share/texlive/texmf-dist/tex/latex/koma-script/scrsize11pt.clo
File: scrsize11pt.clo 2012/05/15 v3.11 KOMA-Script font size class option (11pt
)
)
(/usr/share/texlive/texmf-dist/tex/latex/koma-script/typearea.sty
Package: typearea 2012/05/15 v3.11 KOMA-Script package (type area)

Package typearea, 2012/05/15 v3.11 KOMA-Script package (type area)
                  Copyright (C) Frank Neukam, 1992-1994
                  Copyright (C) Markus Kohm, 1994-

\ta@bcor=\skip41
\ta@div=\count79
Package typearea Info: You've used standard option `a4paper'.
(typearea)             This is correct!
(typearea)             Internally I'm using `paper=a4'.
(typearea)             If you'd like to set the option with \KOMAoptions,
(typearea)             you'd have to use `paper=a4' there
(typearea)             instead of `a4paper', too.
\ta@hblk=\skip42
\ta@vblk=\skip43
\ta@temp=\skip44
Package typearea Info: These are the values describing the layout:
(typearea)             DIV  = 10
(typearea)             BCOR = 0.0pt
(typearea)             \paperwidth      = 597.50793pt
(typearea)              \textwidth      = 418.25555pt
(typearea)              DIV departure   = -6%
(typearea)              \evensidemargin = 17.3562pt
(typearea)              \oddsidemargin  = 17.3562pt
(typearea)             \paperheight     = 845.04694pt
(typearea)              \textheight     = 595.80026pt
(typearea)              \topmargin      = -25.16531pt
(typearea)              \headheight     = 17.0pt
(typearea)              \headsep        = 20.40001pt
(typearea)              \topskip        = 11.0pt
(typearea)              \footskip       = 47.60002pt
(typearea)              \baselineskip   = 13.6pt
(typearea)              on input line 1211.
)
\c@part=\count80
\c@section=\count81
\c@subsection=\count82
\c@subsubsection=\count83
\c@paragraph=\count84
\c@subparagraph=\count85
\abovecaptionskip=\skip45
\belowcaptionskip=\skip46
\c@pti@nb@sid@b@x=\box26
\c@figure=\count86
\c@table=\count87
\bibindent=\dimen102
) (/usr/share/texlive/texmf-dist/tex/latex/graphics/graphicx.sty
Package: graphicx 1999/02/16 v1.0f Enhanced LaTeX Graphics (DPC,SPQR)

(/usr/share/texlive/texmf-dist/tex/latex/graphics/graphics.sty
Package: graphics 2009/02/05 v1.0o Standard LaTeX Graphics (DPC,SPQR)

(/usr/share/texlive/texmf-dist/tex/latex/graphics/trig.sty
Package: trig 1999/03/16 v1.09 sin cos tan (DPC)
)
(/usr/share/texlive/texmf-dist/tex/latex/latexconfig/graphics.cfg
File: graphics.cfg 2010/04/23 v1.9 graphics configuration of TeX Live
)
Package graphics Info: Driver file: pdftex.def on input line 91.

(/usr/share/texlive/texmf-dist/tex/latex/pdftex-def/pdftex.def
File: pdftex.def 2011/05/27 v0.06d Graphics/color for pdfTeX

(/usr/share/texlive/texmf-dist/tex/generic/oberdiek/infwarerr.sty
Package: infwarerr 2010/04/08 v1.3 Providing info/warning/error messages (HO)
)
(/usr/share/texlive/texmf-dist/tex/generic/oberdiek/ltxcmds.sty
Package: ltxcmds 2011/11/09 v1.22 LaTeX kernel commands for general use (HO)
)
\Gread@gobject=\count88
))
\Gin@req@height=\dimen103
\Gin@req@width=\dimen104
)
(/usr/share/texlive/texmf-dist/tex/latex/listings/listings.sty
\lst@mode=\count89
\lst@gtempboxa=\box27
\lst@token=\toks15
\lst@length=\count90
\lst@currlwidth=\dimen105
\lst@column=\count91
\lst@pos=\count92
\lst@lostspace=\dimen106
\lst@width=\dimen107
\lst@newlines=\count93
\lst@lineno=\count94
\lst@maxwidth=\dimen108

(/usr/share/texlive/texmf-dist/tex/latex/listings/lstmisc.sty
File: lstmisc.sty 2007/02/22 1.4 (Carsten Heinz)
\c@lstnumber=\count95
\lst@skipnumbers=\count96
\lst@framebox=\box28
)
(/usr/share/texlive/texmf-dist/tex/latex/listings/listings.cfg
File: listings.cfg 2007/02/22 1.4 listings configuration
))
Package: listings 2007/02/22 1.4 (Carsten Heinz)

(/usr/share/texlive/texmf-dist/tex/latex/graphics/color.sty
Package: color 2005/11/14 v1.0j Standard LaTeX Color (DPC)

(/usr/share/texlive/texmf-dist/tex/latex/latexconfig/color.cfg
File: color.cfg 2007/01/18 v1.5 color configuration of teTeX/TeXLive
)
Package color Info: Driver file: pdftex.def on input line 130.
)
(/usr/share/texlive/texmf-dist/tex/latex/amsmath/amsmath.sty
Package: amsmath 2000/07/18 v2.13 AMS math features
\@mathmargin=\skip47

For additional information on amsmath, use the `?' option.
(/usr/share/texlive/texmf-dist/tex/latex/amsmath/amstext.sty
Package: amstext 2000/06/29 v2.01

(/usr/share/texlive/texmf-dist/tex/latex/amsmath/amsgen.sty
File: amsgen.sty 1999/11/30 v2.0
\@emptytoks=\toks16
\ex@=\dimen109
))
(/usr/share/texlive/texmf-dist/tex/latex/amsmath/amsbsy.sty
Package: amsbsy 1999/11/29 v1.2d
\pmbraise@=\dimen110
)
(/usr/share/texlive/texmf-dist/tex/latex/amsmath/amsopn.sty
Package: amsopn 1999/12/14 v2.01 operator names
)
\inf@bad=\count97
LaTeX Info: Redefining \frac on input line 211.
\uproot@=\count98
\leftroot@=\count99
LaTeX Info: Redefining \overline on input line 307.
\classnum@=\count100
\DOTSCASE@=\count101
LaTeX Info: Redefining \ldots on input line 379.
LaTeX Info: Redefining \dots on input line 382.
LaTeX Info: Redefining \cdots on input line 467.
\Mathstrutbox@=\box29
\strutbox@=\box30
\big@size=\dimen111
LaTeX Font Info:    Redeclaring font encoding OML on input line 567.
LaTeX Font Info:    Redeclaring font encoding OMS on input line 568.
\macc@depth=\count102
\c@MaxMatrixCols=\count103
\dotsspace@=\muskip10
\c@parentequation=\count104
\dspbrk@lvl=\count105
\tag@help=\toks17
\row@=\count106
\column@=\count107
\maxfields@=\count108
\andhelp@=\toks18
\eqnshift@=\dimen112
\alignsep@=\dimen113
\tagshift@=\dimen114
\tagwidth@=\dimen115
\totwidth@=\dimen116
\lineht@=\dimen117
\@envbody=\toks19
\multlinegap=\skip48
\multlinetaggap=\skip49
\mathdisplay@stack=\toks20
LaTeX Info: Redefining \[ on input line 2666.
LaTeX Info: Redefining \] on input line 2667.
)
(/usr/share/texlive/texmf-dist/tex/latex/base/makeidx.sty
Package: makeidx 2000/03/29 v1.0m Standard LaTeX package
)
(/usr/share/texlive/texmf-dist/tex/latex/hyperref/hyperref.sty
Package: hyperref 2012/05/13 v6.82q Hypertext links for LaTeX

(/usr/share/texlive/texmf-dist/tex/generic/oberdiek/hobsub-hyperref.sty
Package: hobsub-hyperref 2012/05/28 v1.13 Bundle oberdiek, subset hyperref (HO)


(/usr/share/texlive/texmf-dist/tex/generic/oberdiek/hobsub-generic.sty
Package: hobsub-generic 2012/05/28 v1.13 Bundle oberdiek, subset generic (HO)
Package: hobsub 2012/05/28 v1.13 Construct package bundles (HO)
Package hobsub Info: Skipping package `infwarerr' (already loaded).
Package hobsub Info: Skipping package `ltxcmds' (already loaded).
Package: ifluatex 2010/03/01 v1.3 Provides the ifluatex switch (HO)
Package ifluatex Info: LuaTeX not detected.
Package: ifvtex 2010/03/01 v1.5 Detect VTeX and its facilities (HO)
Package ifvtex Info: VTeX not detected.
Package: intcalc 2007/09/27 v1.1 Expandable calculations with integers (HO)
Package: ifpdf 2011/01/30 v2.3 Provides the ifpdf switch (HO)
Package ifpdf Info: pdfTeX in PDF mode is detected.
Package: etexcmds 2011/02/16 v1.5 Avoid name clashes with e-TeX commands (HO)
Package etexcmds Info: Could not find \expanded.
(etexcmds)             That can mean that you are not using pdfTeX 1.50 or
(etexcmds)             that some package has redefined \expanded.
(etexcmds)             In the latter case, load this package earlier.
Package: kvsetkeys 2012/04/25 v1.16 Key value parser (HO)
Package: kvdefinekeys 2011/04/07 v1.3 Define keys (HO)
Package: pdftexcmds 2011/11/29 v0.20 Utility functions of pdfTeX for LuaTeX (HO
)
Package pdftexcmds Info: LuaTeX not detected.
Package pdftexcmds Info: \pdf@primitive is available.
Package pdftexcmds Info: \pdf@ifprimitive is available.
Package pdftexcmds Info: \pdfdraftmode found.
Package: pdfescape 2011/11/25 v1.13 Implements pdfTeX's escape features (HO)
Package: bigintcalc 2012/04/08 v1.3 Expandable calculations on big integers (HO
)
Package: bitset 2011/01/30 v1.1 Handle bit-vector datatype (HO)
Package: uniquecounter 2011/01/30 v1.2 Provide unlimited unique counter (HO)
)
Package hobsub Info: Skipping package `hobsub' (already loaded).
Package: letltxmacro 2010/09/02 v1.4 Let assignment for LaTeX macros (HO)
Package: hopatch 2012/05/28 v1.2 Wrapper for package hooks (HO)
Package: xcolor-patch 2011/01/30 xcolor patch
Package: atveryend 2011/06/30 v1.8 Hooks at the very end of document (HO)
Package atveryend Info: \enddocument detected (standard20110627).
Package: atbegshi 2011/10/05 v1.16 At begin shipout hook (HO)
Package: refcount 2011/10/16 v3.4 Data extraction from label references (HO)
Package: hycolor 2011/01/30 v1.7 Color options for hyperref/bookmark (HO)
)
(/usr/share/texlive/texmf-dist/tex/generic/ifxetex/ifxetex.sty
Package: ifxetex 2010/09/12 v0.6 Provides ifxetex conditional
)
(/usr/share/texlive/texmf-dist/tex/latex/oberdiek/kvoptions.sty
Package: kvoptions 2011/06/30 v3.11 Key value format for package options (HO)
)
\@linkdim=\dimen118
\Hy@linkcounter=\count109
\Hy@pagecounter=\count110

(/usr/share/texlive/texmf-dist/tex/latex/hyperref/pd1enc.def
File: pd1enc.def 2012/05/13 v6.82q Hyperref: PDFDocEncoding definition (HO)
)
\Hy@SavedSpaceFactor=\count111

(/usr/share/texlive/texmf-dist/tex/latex/latexconfig/hyperref.cfg
File: hyperref.cfg 2002/06/06 v1.2 hyperref configuration of TeXLive
)
Package hyperref Info: Hyper figures OFF on input line 4062.
Package hyperref Info: Link nesting OFF on input line 4067.
Package hyperref Info: Hyper index ON on input line 4070.
Package hyperref Info: Plain pages OFF on input line 4077.
Package hyperref Info: Backreferencing OFF on input line 4082.
Package hyperref Info: Implicit mode ON; LaTeX internals redefined.
Package hyperref Info: Bookmarks ON on input line 4300.
\c@Hy@tempcnt=\count112

(/usr/share/texlive/texmf-dist/tex/latex/url/url.sty
\Urlmuskip=\muskip11
Package: url 2006/04/12  ver 3.3  Verb mode for urls, etc.
)
LaTeX Info: Redefining \url on input line 4653.
\Fld@menulength=\count113
\Field@Width=\dimen119
\Fld@charsize=\dimen120
Package hyperref Info: Hyper figures OFF on input line 5773.
Package hyperref Info: Link nesting OFF on input line 5778.
Package hyperref Info: Hyper index ON on input line 5781.
Package hyperref Info: backreferencing OFF on input line 5788.
Package hyperref Info: Link coloring OFF on input line 5793.
Package hyperref Info: Link coloring with OCG OFF on input line 5798.
Package hyperref Info: PDF/A mode OFF on input line 5803.
LaTeX Info: Redefining \ref on input line 5843.
LaTeX Info: Redefining \pageref on input line 5847.
\Hy@abspage=\count114
\c@Item=\count115
\c@Hfootnote=\count116
)

Package hyperref Message: Driver (autodetected): hpdftex.

(/usr/share/texlive/texmf-dist/tex/latex/hyperref/hpdftex.def
File: hpdftex.def 2012/05/13 v6.82q Hyperref driver for pdfTeX
\Fld@listcount=\count117
\c@bookmark@seq@number=\count118

(/usr/share/texlive/texmf-dist/tex/latex/oberdiek/rerunfilecheck.sty
Package: rerunfilecheck 2011/04/15 v1.7 Rerun checks for auxiliary files (HO)
Package uniquecounter Info: New unique counter `rerunfilecheck' on input line 2
82.
)
\Hy@SectionHShift=\skip50
)
(/usr/share/texlive/texmf-dist/tex/latex/parskip/parskip.sty
Package: parskip 2001/04/09 non-zero parskip adjustments
)
(/usr/share/texlive/texmf-dist/tex/latex/multirow/multirow.sty
\bigstrutjot=\dimen121
)
(/usr/share/texlive/texmf-dist/tex/latex/tocloft/tocloft.sty
Package: tocloft 2010/10/13 v2.3e parameterised ToC, etc., typesetting
Package tocloft Info: The document has section divisions on input line 43.
\cftparskip=\skip51
\cftbeforetoctitleskip=\skip52
\cftaftertoctitleskip=\skip53
\cftbeforepartskip=\skip54
\cftpartnumwidth=\skip55
\cftpartindent=\skip56
\cftbeforesecskip=\skip57
\cftsecindent=\skip58
\cftsecnumwidth=\skip59
\cftbeforesubsecskip=\skip60
\cftsubsecindent=\skip61
\cftsubsecnumwidth=\skip62
\cftbeforesubsubsecskip=\skip63
\cftsubsubsecindent=\skip64
\cftsubsubsecnumwidth=\skip65
\cftbeforeparaskip=\skip66
\cftparaindent=\skip67
\cftparanumwidth=\skip68
\cftbeforesubparaskip=\skip69
\cftsubparaindent=\skip70
\cftsubparanumwidth=\skip71
\cftbeforeloftitleskip=\skip72
\cftafterloftitleskip=\skip73
\cftbeforefigskip=\skip74
\cftfigindent=\skip75
\cftfignumwidth=\skip76
\c@lofdepth=\count119
\c@lotdepth=\count120
\cftbeforelottitleskip=\skip77
\cftafterlottitleskip=\skip78
\cftbeforetabskip=\skip79
\cfttabindent=\skip80
\cfttabnumwidth=\skip81
)
(/usr/share/texlive/texmf-dist/tex/latex/base/textcomp.sty
Package: textcomp 2005/09/27 v1.99g Standard LaTeX package
Package textcomp Info: Sub-encoding information:
(textcomp)               5 = only ISO-Adobe without \textcurrency
(textcomp)               4 = 5 + \texteuro
(textcomp)               3 = 4 + \textohm
(textcomp)               2 = 3 + \textestimated + \textcurrency
(textcomp)               1 = TS1 - \textcircled - \t
(textcomp)               0 = TS1 (full)
(textcomp)             Font families with sub-encoding setting implement
(textcomp)             only a restricted character set as indicated.
(textcomp)             Family '?' is the default used for unknown fonts.
(textcomp)             See the documentation for details.
Package textcomp Info: Setting ? sub-encoding to TS1/1 on input line 71.

(/usr/share/texlive/texmf-dist/tex/latex/base/ts1enc.def
File: ts1enc.def 2001/06/05 v3.0e (jk/car/fm) Standard LaTeX file
)
LaTeX Info: Redefining \oldstylenums on input line 266.
Package textcomp Info: Setting cmr sub-encoding to TS1/0 on input line 281.
Package textcomp Info: Setting cmss sub-encoding to TS1/0 on input line 282.
Package textcomp Info: Setting cmtt sub-encoding to TS1/0 on input line 283.
Package textcomp Info: Setting cmvtt sub-encoding to TS1/0 on input line 284.
Package textcomp Info: Setting cmbr sub-encoding to TS1/0 on input line 285.
Package textcomp Info: Setting cmtl sub-encoding to TS1/0 on input line 286.
Package textcomp Info: Setting ccr sub-encoding to TS1/0 on input line 287.
Package textcomp Info: Setting ptm sub-encoding to TS1/4 on input line 288.
Package textcomp Info: Setting pcr sub-encoding to TS1/4 on input line 289.
Package textcomp Info: Setting phv sub-encoding to TS1/4 on input line 290.
Package textcomp Info: Setting ppl sub-encoding to TS1/3 on input line 291.
Package textcomp Info: Setting pag sub-encoding to TS1/4 on input line 292.
Package textcomp Info: Setting pbk sub-encoding to TS1/4 on input line 293.
Package textcomp Info: Setting pnc sub-encoding to TS1/4 on input line 294.
Package textcomp Info: Setting pzc sub-encoding to TS1/4 on input line 295.
Package textcomp Info: Setting bch sub-encoding to TS1/4 on input line 296.
Package textcomp Info: Setting put sub-encoding to TS1/5 on input line 297.
Package textcomp Info: Setting uag sub-encoding to TS1/5 on input line 298.
Package textcomp Info: Setting ugq sub-encoding to TS1/5 on input line 299.
Package textcomp Info: Setting ul8 sub-encoding to TS1/4 on input line 300.
Package textcomp Info: Setting ul9 sub-encoding to TS1/4 on input line 301.
Package textcomp Info: Setting augie sub-encoding to TS1/5 on input line 302.
Package textcomp Info: Setting dayrom sub-encoding to TS1/3 on input line 303.
Package textcomp Info: Setting dayroms sub-encoding to TS1/3 on input line 304.

Package textcomp Info: Setting pxr sub-encoding to TS1/0 on input line 305.
Package textcomp Info: Setting pxss sub-encoding to TS1/0 on input line 306.
Package textcomp Info: Setting pxtt sub-encoding to TS1/0 on input line 307.
Package textcomp Info: Setting txr sub-encoding to TS1/0 on input line 308.
Package textcomp Info: Setting txss sub-encoding to TS1/0 on input line 309.
Package textcomp Info: Setting txtt sub-encoding to TS1/0 on input line 310.
Package textcomp Info: Setting lmr sub-encoding to TS1/0 on input line 311.
Package textcomp Info: Setting lmdh sub-encoding to TS1/0 on input line 312.
Package textcomp Info: Setting lmss sub-encoding to TS1/0 on input line 313.
Package textcomp Info: Setting lmssq sub-encoding to TS1/0 on input line 314.
Package textcomp Info: Setting lmvtt sub-encoding to TS1/0 on input line 315.
Package textcomp Info: Setting qhv sub-encoding to TS1/0 on input line 316.
Package textcomp Info: Setting qag sub-encoding to TS1/0 on input line 317.
Package textcomp Info: Setting qbk sub-encoding to TS1/0 on input line 318.
Package textcomp Info: Setting qcr sub-encoding to TS1/0 on input line 319.
Package textcomp Info: Setting qcs sub-encoding to TS1/0 on input line 320.
Package textcomp Info: Setting qpl sub-encoding to TS1/0 on input line 321.
Package textcomp Info: Setting qtm sub-encoding to TS1/0 on input line 322.
Package textcomp Info: Setting qzc sub-encoding to TS1/0 on input line 323.
Package textcomp Info: Setting qhvc sub-encoding to TS1/0 on input line 324.
Package textcomp Info: Setting futs sub-encoding to TS1/4 on input line 325.
Package textcomp Info: Setting futx sub-encoding to TS1/4 on input line 326.
Package textcomp Info: Setting futj sub-encoding to TS1/4 on input line 327.
Package textcomp Info: Setting hlh sub-encoding to TS1/3 on input line 328.
Package textcomp Info: Setting hls sub-encoding to TS1/3 on input line 329.
Package textcomp Info: Setting hlst sub-encoding to TS1/3 on input line 330.
Package textcomp Info: Setting hlct sub-encoding to TS1/5 on input line 331.
Package textcomp Info: Setting hlx sub-encoding to TS1/5 on input line 332.
Package textcomp Info: Setting hlce sub-encoding to TS1/5 on input line 333.
Package textcomp Info: Setting hlcn sub-encoding to TS1/5 on input line 334.
Package textcomp Info: Setting hlcw sub-encoding to TS1/5 on input line 335.
Package textcomp Info: Setting hlcf sub-encoding to TS1/5 on input line 336.
Package textcomp Info: Setting pplx sub-encoding to TS1/3 on input line 337.
Package textcomp Info: Setting pplj sub-encoding to TS1/3 on input line 338.
Package textcomp Info: Setting ptmx sub-encoding to TS1/4 on input line 339.
Package textcomp Info: Setting ptmj sub-encoding to TS1/4 on input line 340.
)
(/usr/share/texlive/texmf-dist/tex/latex/wrapfig/wrapfig.sty
\wrapoverhang=\dimen122
\WF@size=\dimen123
\c@WF@wrappedlines=\count121
\WF@box=\box31
\WF@everypar=\toks21
Package: wrapfig 2003/01/31  v 3.6
)
\@indexfile=\write3
\openout3 = `document.idx'.


Writing index file document.idx
Package hyperref Info: Option `unicode' set `false' on input line 41.
Package hyperref Info: Option `pdftoolbar' set `true' on input line 41.
Package hyperref Info: Option `pdfmenubar' set `true' on input line 41.
Package hyperref Info: Option `pdffitwindow' set `false' on input line 41.
Package hyperref Info: Option `pdfnewwindow' set `true' on input line 41.
Package hyperref Info: Option `colorlinks' set `true' on input line 41.
(./styles/xml.tex) (./document.aux)
\openout1 = `document.aux'.

LaTeX Font Info:    Checking defaults for OML/cmm/m/it on input line 55.
LaTeX Font Info:    ... okay on input line 55.
LaTeX Font Info:    Checking defaults for T1/cmr/m/n on input line 55.
LaTeX Font Info:    ... okay on input line 55.
LaTeX Font Info:    Checking defaults for OT1/cmr/m/n on input line 55.
LaTeX Font Info:    ... okay on input line 55.
LaTeX Font Info:    Checking defaults for OMS/cmsy/m/n on input line 55.
LaTeX Font Info:    ... okay on input line 55.
LaTeX Font Info:    Checking defaults for OMX/cmex/m/n on input line 55.
LaTeX Font Info:    ... okay on input line 55.
LaTeX Font Info:    Checking defaults for U/cmr/m/n on input line 55.
LaTeX Font Info:    ... okay on input line 55.
LaTeX Font Info:    Checking defaults for PD1/pdf/m/n on input line 55.
LaTeX Font Info:    ... okay on input line 55.
LaTeX Font Info:    Checking defaults for TS1/cmr/m/n on input line 55.
LaTeX Font Info:    Try loading font information for TS1+cmr on input line 55.

(/usr/share/texlive/texmf-dist/tex/latex/base/ts1cmr.fd
File: ts1cmr.fd 1999/05/25 v2.5h Standard LaTeX font definitions
)
LaTeX Font Info:    ... okay on input line 55.

(/usr/share/texlive/texmf-dist/tex/context/base/supp-pdf.mkii
[Loading MPS to PDF converter (version 2006.09.02).]
\scratchcounter=\count122
\scratchdimen=\dimen124
\scratchbox=\box32
\nofMPsegments=\count123
\nofMParguments=\count124
\everyMPshowfont=\toks22
\MPscratchCnt=\count125
\MPscratchDim=\dimen125
\MPnumerator=\count126
\makeMPintoPDFobject=\count127
\everyMPtoPDFconversion=\toks23
) (/usr/share/texlive/texmf-dist/tex/latex/oberdiek/epstopdf-base.sty
Package: epstopdf-base 2010/02/09 v2.5 Base part for package epstopdf

(/usr/share/texlive/texmf-dist/tex/latex/oberdiek/grfext.sty
Package: grfext 2010/08/19 v1.1 Manage graphics extensions (HO)
)
Package grfext Info: Graphics extension search list:
(grfext)             [.png,.pdf,.jpg,.mps,.jpeg,.jbig2,.jb2,.PNG,.PDF,.JPG,.JPE
G,.JBIG2,.JB2,.eps]
(grfext)             \AppendGraphicsExtensions on input line 452.

(/usr/share/texlive/texmf-dist/tex/latex/latexconfig/epstopdf-sys.cfg
File: epstopdf-sys.cfg 2010/07/13 v1.3 Configuration of (r)epstopdf for TeX Liv
e
))
\c@lstlisting=\count128
\AtBeginShipoutBox=\box33
Package hyperref Info: Link coloring ON on input line 55.

(/usr/share/texlive/texmf-dist/tex/latex/hyperref/nameref.sty
Package: nameref 2010/04/30 v2.40 Cross-referencing by name of section

(/usr/share/texlive/texmf-dist/tex/generic/oberdiek/gettitlestring.sty
Package: gettitlestring 2010/12/03 v1.4 Cleanup title references (HO)
)
\c@section@level=\count129
)
LaTeX Info: Redefining \ref on input line 55.
LaTeX Info: Redefining \pageref on input line 55.
LaTeX Info: Redefining \nameref on input line 55.

(./document.out) (./document.out)
\@outlinefile=\write4
\openout4 = `document.out'.

 (./document.toc
Overfull \hbox (18.11435pt too wide) detected at line 1
\OT1/cmr/bx/n/10.95 Task 1 
 []


Overfull \hbox (18.11435pt too wide) detected at line 6
\OT1/cmr/bx/n/10.95 Task 2 
 []


Overfull \hbox (18.11435pt too wide) detected at line 7
\OT1/cmr/bx/n/10.95 Task 3 
 []


Overfull \hbox (18.11435pt too wide) detected at line 11
\OT1/cmr/bx/n/10.95 Task 4 
 []

)
\tf@toc=\write5
\openout5 = `document.toc'.

 [1


{/var/lib/texmf/fonts/map/pdftex/updmap/pdftex.map}] [2]
LaTeX Font Info:    Try loading font information for OMS+cmr on input line 80.

(/usr/share/texlive/texmf-dist/tex/latex/base/omscmr.fd
File: omscmr.fd 1999/05/25 v2.5h Standard LaTeX font definitions
)
LaTeX Font Info:    Font shape `OMS/cmr/m/n' in size <6> not available
(Font)              Font shape `OMS/cmsy/m/n' tried instead on input line 80.
 [3]
<task3a.pdf, id=108, 425.59pt x 46.1725pt>
File: task3a.pdf Graphic file (type pdf)
 <use task3a.pdf>
Package pdftex.def Info: task3a.pdf used on input line 107.
(pdftex.def)             Requested size: 425.58894pt x 46.17236pt.

Overfull \hbox (7.33339pt too wide) in paragraph at lines 107--109
[]
 []

<task3b.pdf, id=109, 62.2325pt x 210.7875pt>
File: task3b.pdf Graphic file (type pdf)
 <use task3b.pdf>
Package pdftex.def Info: task3b.pdf used on input line 123.
(pdftex.def)             Requested size: 62.23235pt x 210.78699pt.

Overfull \hbox (5.32684pt too wide) in paragraph at lines 123--124
[][] 
 []


Package wrapfig Warning: Stationary wrapfigure forced to float on input line 12
5.

[4 <./task3a.pdf> <./task3b.pdf

pdfTeX warning: pdflatex (file ./task3b.pdf): PDF inclusion: multiple pdfs with
 page group included in a single page
>] <task3c.pdf, id=129, 114.4275pt x 110.4125pt>
File: task3c.pdf Graphic file (type pdf)
 <use task3c.pdf>
Package pdftex.def Info: task3c.pdf used on input line 158.
(pdftex.def)             Requested size: 114.42722pt x 110.41222pt.
 [5 <./task3c.pdf>] (./amdahl.c

Package wrapfig Warning: wrapfigure used inside a conflicting environment on in
put line 1.


Package wrapfig Warning: wrapfigure used inside a conflicting environment on in
put line 1.


Package wrapfig Warning: wrapfigure used inside a conflicting environment on in
put line 2.


Package wrapfig Warning: wrapfigure used inside a conflicting environment on in
put line 2.


Package wrapfig Warning: wrapfigure used inside a conflicting environment on in
put line 2.


Package wrapfig Warning: wrapfigure used inside a conflicting environment on in
put line 2.


Package wrapfig Warning: wrapfigure used inside a conflicting environment on in
put line 2.


Package wrapfig Warning: wrapfigure used inside a conflicting environment on in
put line 2.


Package wrapfig Warning: wrapfigure used inside a conflicting environment on in
put line 2.


Package wrapfig Warning: wrapfigure used inside a conflicting environment on in
put line 2.


Package wrapfig Warning: wrapfigure used inside a conflicting environment on in
put line 2.


Package wrapfig Warning: wrapfigure used inside a conflicting environment on in
put line 2.


Package wrapfig Warning: wrapfigure used inside a conflicting environment on in
put line 2.


Package wrapfig Warning: wrapfigure used inside a conflicting environment on in
put line 2.


Package wrapfig Warning: wrapfigure used inside a conflicting environment on in
put line 2.


Package wrapfig Warning: wrapfigure used inside a conflicting environment on in
put line 2.


Package wrapfig Warning: wrapfigure used inside a conflicting environment on in
put line 2.


Package wrapfig Warning: wrapfigure used inside a conflicting environment on in
put line 2.


Package wrapfig Warning: wrapfigure used inside a conflicting environment on in
put line 2.


Package wrapfig Warning: wrapfigure used inside a conflicting environment on in
put line 2.


Package wrapfig Warning: wrapfigure used inside a conflicting environment on in
put line 3.


Package wrapfig Warning: wrapfigure used inside a conflicting environment on in
put line 3.


Package wrapfig Warning: wrapfigure used inside a conflicting environment on in
put line 4.


Package wrapfig Warning: wrapfigure used inside a conflicting environment on in
put line 4.


Package wrapfig Warning: wrapfigure used inside a conflicting environment on in
put line 4.


Package wrapfig Warning: wrapfigure used inside a conflicting environment on in
put line 4.


Package wrapfig Warning: wrapfigure used inside a conflicting environment on in
put line 4.


Package wrapfig Warning: wrapfigure used inside a conflicting environment on in
put line 4.


Package wrapfig Warning: wrapfigure used inside a conflicting environment on in
put line 4.


Package wrapfig Warning: wrapfigure used inside a conflicting environment on in
put line 4.


Package wrapfig Warning: wrapfigure used inside a conflicting environment on in
put line 4.


Package wrapfig Warning: wrapfigure used inside a conflicting environment on in
put line 4.


Package wrapfig Warning: wrapfigure used inside a conflicting environment on in
put line 4.


Package wrapfig Warning: wrapfigure used inside a conflicting environment on in
put line 4.


Package wrapfig Warning: wrapfigure used inside a conflicting environment on in
put line 4.


Package wrapfig Warning: wrapfigure used inside a conflicting environment on in
put line 4.


Package wrapfig Warning: wrapfigure used inside a conflicting environment on in
put line 4.


Package wrapfig Warning: wrapfigure used inside a conflicting environment on in
put line 4.


Package wrapfig Warning: wrapfigure used inside a conflicting environment on in
put line 4.


Package wrapfig Warning: wrapfigure used inside a conflicting environment on in
put line 4.


Package wrapfig Warning: wrapfigure used inside a conflicting environment on in
put line 4.


Package wrapfig Warning: wrapfigure used inside a conflicting environment on in
put line 4.


Package wrapfig Warning: wrapfigure used inside a conflicting environment on in
put line 4.


Package wrapfig Warning: wrapfigure used inside a conflicting environment on in
put line 4.


Package wrapfig Warning: wrapfigure used inside a conflicting environment on in
put line 4.


Package wrapfig Warning: wrapfigure used inside a conflicting environment on in
put line 4.


Package wrapfig Warning: wrapfigure used inside a conflicting environment on in
put line 4.


Package wrapfig Warning: wrapfigure used inside a conflicting environment on in
put line 4.


Package wrapfig Warning: wrapfigure used inside a conflicting environment on in
put line 4.


Package wrapfig Warning: wrapfigure used inside a conflicting environment on in
put line 4.


Package wrapfig Warning: wrapfigure used inside a conflicting environment on in
put line 4.


Package wrapfig Warning: wrapfigure used inside a conflicting environment on in
put line 5.


Package wrapfig Warning: wrapfigure used inside a conflicting environment on in
put line 5.


Package wrapfig Warning: wrapfigure used inside a conflicting environment on in
put line 5.


Package wrapfig Warning: wrapfigure used inside a conflicting environment on in
put line 5.


Package wrapfig Warning: wrapfigure used inside a conflicting environment on in
put line 5.


Package wrapfig Warning: wrapfigure used inside a conflicting environment on in
put line 5.


Package wrapfig Warning: wrapfigure used inside a conflicting environment on in
put line 5.


Package wrapfig Warning: wrapfigure used inside a conflicting environment on in
put line 5.


Package wrapfig Warning: wrapfigure used inside a conflicting environment on in
put line 5.


Package wrapfig Warning: wrapfigure used inside a conflicting environment on in
put line 5.


Package wrapfig Warning: wrapfigure used inside a conflicting environment on in
put line 5.


Package wrapfig Warning: wrapfigure used inside a conflicting environment on in
put line 5.


Package wrapfig Warning: wrapfigure used inside a conflicting environment on in
put line 5.


Package wrapfig Warning: wrapfigure used inside a conflicting environment on in
put line 5.


Package wrapfig Warning: wrapfigure used inside a conflicting environment on in
put line 5.


Package wrapfig Warning: wrapfigure used inside a conflicting environment on in
put line 5.


Package wrapfig Warning: wrapfigure used inside a conflicting environment on in
put line 5.


Package wrapfig Warning: wrapfigure used inside a conflicting environment on in
put line 5.


Package wrapfig Warning: wrapfigure used inside a conflicting environment on in
put line 5.


Package wrapfig Warning: wrapfigure used inside a conflicting environment on in
put line 5.


Package wrapfig Warning: wrapfigure used inside a conflicting environment on in
put line 5.


Package wrapfig Warning: wrapfigure used inside a conflicting environment on in
put line 5.


Package wrapfig Warning: wrapfigure used inside a conflicting environment on in
put line 5.


Package wrapfig Warning: wrapfigure used inside a conflicting environment on in
put line 5.


Package wrapfig Warning: wrapfigure used inside a conflicting environment on in
put line 5.


Package wrapfig Warning: wrapfigure used inside a conflicting environment on in
put line 5.


Package wrapfig Warning: wrapfigure used inside a conflicting environment on in
put line 5.


Package wrapfig Warning: wrapfigure used inside a conflicting environment on in
put line 5.


Package wrapfig Warning: wrapfigure used inside a conflicting environment on in
put line 5.


Package wrapfig Warning: wrapfigure used inside a conflicting environment on in
put line 5.


Package wrapfig Warning: wrapfigure used inside a conflicting environment on in
put line 6.


Package wrapfig Warning: wrapfigure used inside a conflicting environment on in
put line 6.


Package wrapfig Warning: wrapfigure used inside a conflicting environment on in
put line 7.


Package wrapfig Warning: wrapfigure used inside a conflicting environment on in
put line 7.


Package wrapfig Warning: wrapfigure used inside a conflicting environment on in
put line 10.


Package wrapfig Warning: wrapfigure used inside a conflicting environment on in
put line 10.


Package wrapfig Warning: wrapfigure used inside a conflicting environment on in
put line 10.


Package wrapfig Warning: wrapfigure used inside a conflicting environment on in
put line 10.


Package wrapfig Warning: wrapfigure used inside a conflicting environment on in
put line 10.


Package wrapfig Warning: wrapfigure used inside a conflicting environment on in
put line 10.

LaTeX Font Info:    Try loading font information for OML+cmr on input line 10.
(/usr/share/texlive/texmf-dist/tex/latex/base/omlcmr.fd
File: omlcmr.fd 1999/05/25 v2.5h Standard LaTeX font definitions
)
LaTeX Font Info:    Font shape `OML/cmr/m/n' in size <6> not available
(Font)              Font shape `OML/cmm/m/it' tried instead on input line 10.


Package wrapfig Warning: wrapfigure used inside a conflicting environment on in
put line 10.


Package wrapfig Warning: wrapfigure used inside a conflicting environment on in
put line 10.


Package wrapfig Warning: wrapfigure used inside a conflicting environment on in
put line 10.


Package wrapfig Warning: wrapfigure used inside a conflicting environment on in
put line 10.


Package wrapfig Warning: wrapfigure used inside a conflicting environment on in
put line 10.


Package wrapfig Warning: wrapfigure used inside a conflicting environment on in
put line 11.


Package wrapfig Warning: wrapfigure used inside a conflicting environment on in
put line 11.


Package wrapfig Warning: wrapfigure used inside a conflicting environment on in
put line 11.


Package wrapfig Warning: wrapfigure used inside a conflicting environment on in
put line 11.


Package wrapfig Warning: wrapfigure used inside a conflicting environment on in
put line 11.


Package wrapfig Warning: wrapfigure used inside a conflicting environment on in
put line 11.


Package wrapfig Warning: wrapfigure used inside a conflicting environment on in
put line 11.


Package wrapfig Warning: wrapfigure used inside a conflicting environment on in
put line 11.


Package wrapfig Warning: wrapfigure used inside a conflicting environment on in
put line 11.


Package wrapfig Warning: wrapfigure used inside a conflicting environment on in
put line 13.


Package wrapfig Warning: wrapfigure used inside a conflicting environment on in
put line 13.


Package wrapfig Warning: wrapfigure used inside a conflicting environment on in
put line 13.


Package wrapfig Warning: wrapfigure used inside a conflicting environment on in
put line 13.


Package wrapfig Warning: wrapfigure used inside a conflicting environment on in
put line 13.


Package wrapfig Warning: wrapfigure used inside a conflicting environment on in
put line 13.


Package wrapfig Warning: wrapfigure used inside a conflicting environment on in
put line 13.


Package wrapfig Warning: wrapfigure used inside a conflicting environment on in
put line 13.


Package wrapfig Warning: wrapfigure used inside a conflicting environment on in
put line 13.


Package wrapfig Warning: wrapfigure used inside a conflicting environment on in
put line 13.


Package wrapfig Warning: wrapfigure used inside a conflicting environment on in
put line 13.


Package wrapfig Warning: wrapfigure used inside a conflicting environment on in
put line 13.


Package wrapfig Warning: wrapfigure used inside a conflicting environment on in
put line 13.


Package wrapfig Warning: wrapfigure used inside a conflicting environment on in
put line 13.


Package wrapfig Warning: wrapfigure used inside a conflicting environment on in
put line 13.


Package wrapfig Warning: wrapfigure used inside a conflicting environment on in
put line 13.


Package wrapfig Warning: wrapfigure used inside a conflicting environment on in
put line 13.


Package wrapfig Warning: wrapfigure used inside a conflicting environment on in
put line 13.


Package wrapfig Warning: wrapfigure used inside a conflicting environment on in
put line 13.


Package wrapfig Warning: wrapfigure used inside a conflicting environment on in
put line 13.


Package wrapfig Warning: wrapfigure used inside a conflicting environment on in
put line 13.


Package wrapfig Warning: wrapfigure used inside a conflicting environment on in
put line 13.


Package wrapfig Warning: wrapfigure used inside a conflicting environment on in
put line 13.


Package wrapfig Warning: wrapfigure used inside a conflicting environment on in
put line 13.


Package wrapfig Warning: wrapfigure used inside a conflicting environment on in
put line 13.


Package wrapfig Warning: wrapfigure used inside a conflicting environment on in
put line 13.


Package wrapfig Warning: wrapfigure used inside a conflicting environment on in
put line 13.


Package wrapfig Warning: wrapfigure used inside a conflicting environment on in
put line 14.


Package wrapfig Warning: wrapfigure used inside a conflicting environment on in
put line 14.


Package wrapfig Warning: wrapfigure used inside a conflicting environment on in
put line 15.


Package wrapfig Warning: wrapfigure used inside a conflicting environment on in
put line 15.


Package wrapfig Warning: wrapfigure used inside a conflicting environment on in
put line 15.


Package wrapfig Warning: wrapfigure used inside a conflicting environment on in
put line 15.


Package wrapfig Warning: wrapfigure used inside a conflicting environment on in
put line 15.


Package wrapfig Warning: wrapfigure used inside a conflicting environment on in
put line 15.


Package wrapfig Warning: wrapfigure used inside a conflicting environment on in
put line 15.


Package wrapfig Warning: wrapfigure used inside a conflicting environment on in
put line 15.


Package wrapfig Warning: wrapfigure used inside a conflicting environment on in
put line 15.


Package wrapfig Warning: wrapfigure used inside a conflicting environment on in
put line 15.


Package wrapfig Warning: wrapfigure used inside a conflicting environment on in
put line 15.


Package wrapfig Warning: wrapfigure used inside a conflicting environment on in
put line 15.


Package wrapfig Warning: wrapfigure used inside a conflicting environment on in
put line 15.


Package wrapfig Warning: wrapfigure used inside a conflicting environment on in
put line 15.


Package wrapfig Warning: wrapfigure used inside a conflicting environment on in
put line 15.


Package wrapfig Warning: wrapfigure used inside a conflicting environment on in
put line 15.


Package wrapfig Warning: wrapfigure used inside a conflicting environment on in
put line 15.


Package wrapfig Warning: wrapfigure used inside a conflicting environment on in
put line 15.


Package wrapfig Warning: wrapfigure used inside a conflicting environment on in
put line 15.


Package wrapfig Warning: wrapfigure used inside a conflicting environment on in
put line 15.


Package wrapfig Warning: wrapfigure used inside a conflicting environment on in
put line 15.


Package wrapfig Warning: wrapfigure used inside a conflicting environment on in
put line 15.


Package wrapfig Warning: wrapfigure used inside a conflicting environment on in
put line 15.


Package wrapfig Warning: wrapfigure used inside a conflicting environment on in
put line 15.


Package wrapfig Warning: wrapfigure used inside a conflicting environment on in
put line 15.


Package wrapfig Warning: wrapfigure used inside a conflicting environment on in
put line 15.


Package wrapfig Warning: wrapfigure used inside a conflicting environment on in
put line 15.


Package wrapfig Warning: wrapfigure used inside a conflicting environment on in
put line 15.


Package wrapfig Warning: wrapfigure used inside a conflicting environment on in
put line 15.


Package wrapfig Warning: wrapfigure used inside a conflicting environment on in
put line 15.


Package wrapfig Warning: wrapfigure used inside a conflicting environment on in
put line 15.


Package wrapfig Warning: wrapfigure used inside a conflicting environment on in
put line 15.


Package wrapfig Warning: wrapfigure used inside a conflicting environment on in
put line 15.


Package wrapfig Warning: wrapfigure used inside a conflicting environment on in
put line 15.


Package wrapfig Warning: wrapfigure used inside a conflicting environment on in
put line 15.


Package wrapfig Warning: wrapfigure used inside a conflicting environment on in
put line 16.


Package wrapfig Warning: wrapfigure used inside a conflicting environment on in
put line 16.


Package wrapfig Warning: wrapfigure used inside a conflicting environment on in
put line 18.


Package wrapfig Warning: wrapfigure used inside a conflicting environment on in
put line 18.


Package wrapfig Warning: wrapfigure used inside a conflicting environment on in
put line 18.


Package wrapfig Warning: wrapfigure used inside a conflicting environment on in
put line 18.


Package wrapfig Warning: wrapfigure used inside a conflicting environment on in
put line 18.


Package wrapfig Warning: wrapfigure used inside a conflicting environment on in
put line 18.


Package wrapfig Warning: wrapfigure used inside a conflicting environment on in
put line 18.


Package wrapfig Warning: wrapfigure used inside a conflicting environment on in
put line 18.


Package wrapfig Warning: wrapfigure used inside a conflicting environment on in
put line 18.


Package wrapfig Warning: wrapfigure used inside a conflicting environment on in
put line 18.


Package wrapfig Warning: wrapfigure used inside a conflicting environment on in
put line 19.


Package wrapfig Warning: wrapfigure used inside a conflicting environment on in
put line 19.


Package wrapfig Warning: wrapfigure used inside a conflicting environment on in
put line 20.


Package wrapfig Warning: wrapfigure used inside a conflicting environment on in
put line 20.


Package wrapfig Warning: wrapfigure used inside a conflicting environment on in
put line 20.


Package wrapfig Warning: wrapfigure used inside a conflicting environment on in
put line 20.


Package wrapfig Warning: wrapfigure used inside a conflicting environment on in
put line 20.


Package wrapfig Warning: wrapfigure used inside a conflicting environment on in
put line 20.


Package wrapfig Warning: wrapfigure used inside a conflicting environment on in
put line 20.


Package wrapfig Warning: wrapfigure used inside a conflicting environment on in
put line 20.


Package wrapfig Warning: wrapfigure used inside a conflicting environment on in
put line 21.


Package wrapfig Warning: wrapfigure used inside a conflicting environment on in
put line 21.


Package wrapfig Warning: wrapfigure used inside a conflicting environment on in
put line 23.


Package wrapfig Warning: wrapfigure used inside a conflicting environment on in
put line 23.


Package wrapfig Warning: wrapfigure used inside a conflicting environment on in
put line 23.


Package wrapfig Warning: wrapfigure used inside a conflicting environment on in
put line 23.


Package wrapfig Warning: wrapfigure used inside a conflicting environment on in
put line 23.


Package wrapfig Warning: wrapfigure used inside a conflicting environment on in
put line 23.


Package wrapfig Warning: wrapfigure used inside a conflicting environment on in
put line 23.


Package wrapfig Warning: wrapfigure used inside a conflicting environment on in
put line 23.


Package wrapfig Warning: wrapfigure used inside a conflicting environment on in
put line 23.


Package wrapfig Warning: wrapfigure used inside a conflicting environment on in
put line 23.


Package wrapfig Warning: wrapfigure used inside a conflicting environment on in
put line 24.


Package wrapfig Warning: wrapfigure used inside a conflicting environment on in
put line 24.


Package wrapfig Warning: wrapfigure used inside a conflicting environment on in
put line 25.


Package wrapfig Warning: wrapfigure used inside a conflicting environment on in
put line 25.


Package wrapfig Warning: wrapfigure used inside a conflicting environment on in
put line 25.


Package wrapfig Warning: wrapfigure used inside a conflicting environment on in
put line 25.


Package wrapfig Warning: wrapfigure used inside a conflicting environment on in
put line 25.


Package wrapfig Warning: wrapfigure used inside a conflicting environment on in
put line 25.


Package wrapfig Warning: wrapfigure used inside a conflicting environment on in
put line 25.


Package wrapfig Warning: wrapfigure used inside a conflicting environment on in
put line 25.


Package wrapfig Warning: wrapfigure used inside a conflicting environment on in
put line 25.


Package wrapfig Warning: wrapfigure used inside a conflicting environment on in
put line 25.


Package wrapfig Warning: wrapfigure used inside a conflicting environment on in
put line 25.


Package wrapfig Warning: wrapfigure used inside a conflicting environment on in
put line 25.


Package wrapfig Warning: wrapfigure used inside a conflicting environment on in
put line 26.


Package wrapfig Warning: wrapfigure used inside a conflicting environment on in
put line 26.


Package wrapfig Warning: wrapfigure used inside a conflicting environment on in
put line 28.


Package wrapfig Warning: wrapfigure used inside a conflicting environment on in
put line 28.


Package wrapfig Warning: wrapfigure used inside a conflicting environment on in
put line 28.


Package wrapfig Warning: wrapfigure used inside a conflicting environment on in
put line 28.


Package wrapfig Warning: wrapfigure used inside a conflicting environment on in
put line 28.


Package wrapfig Warning: wrapfigure used inside a conflicting environment on in
put line 28.


Package wrapfig Warning: wrapfigure used inside a conflicting environment on in
put line 29.


Package wrapfig Warning: wrapfigure used inside a conflicting environment on in
put line 29.


Package wrapfig Warning: wrapfigure used inside a conflicting environment on in
put line 30.


Package wrapfig Warning: wrapfigure used inside a conflicting environment on in
put line 30.


Package wrapfig Warning: wrapfigure used inside a conflicting environment on in
put line 30.


Package wrapfig Warning: wrapfigure used inside a conflicting environment on in
put line 30.


Package wrapfig Warning: wrapfigure used inside a conflicting environment on in
put line 30.


Package wrapfig Warning: wrapfigure used inside a conflicting environment on in
put line 31.


Package wrapfig Warning: wrapfigure used inside a conflicting environment on in
put line 31.


Package wrapfig Warning: wrapfigure used inside a conflicting environment on in
put line 31.


Package wrapfig Warning: wrapfigure used inside a conflicting environment on in
put line 31.


Package wrapfig Warning: wrapfigure used inside a conflicting environment on in
put line 31.


Package wrapfig Warning: wrapfigure used inside a conflicting environment on in
put line 32.


Package wrapfig Warning: wrapfigure used inside a conflicting environment on in
put line 32.


Package wrapfig Warning: wrapfigure used inside a conflicting environment on in
put line 32.


Package wrapfig Warning: wrapfigure used inside a conflicting environment on in
put line 32.


Package wrapfig Warning: wrapfigure used inside a conflicting environment on in
put line 32.


Package wrapfig Warning: wrapfigure used inside a conflicting environment on in
put line 34.


Package wrapfig Warning: wrapfigure used inside a conflicting environment on in
put line 34.


Package wrapfig Warning: wrapfigure used inside a conflicting environment on in
put line 34.


Package wrapfig Warning: wrapfigure used inside a conflicting environment on in
put line 34.


Package wrapfig Warning: wrapfigure used inside a conflicting environment on in
put line 34.


Package wrapfig Warning: wrapfigure used inside a conflicting environment on in
put line 34.


Package wrapfig Warning: wrapfigure used inside a conflicting environment on in
put line 34.


Package wrapfig Warning: wrapfigure used inside a conflicting environment on in
put line 34.


Package wrapfig Warning: wrapfigure used inside a conflicting environment on in
put line 34.


Package wrapfig Warning: wrapfigure used inside a conflicting environment on in
put line 35.


Package wrapfig Warning: wrapfigure used inside a conflicting environment on in
put line 35.


Package wrapfig Warning: wrapfigure used inside a conflicting environment on in
put line 35.


Package wrapfig Warning: wrapfigure used inside a conflicting environment on in
put line 35.


Package wrapfig Warning: wrapfigure used inside a conflicting environment on in
put line 35.


Package wrapfig Warning: wrapfigure used inside a conflicting environment on in
put line 35.


Package wrapfig Warning: wrapfigure used inside a conflicting environment on in
put line 35.


Package wrapfig Warning: wrapfigure used inside a conflicting environment on in
put line 35.


Package wrapfig Warning: wrapfigure used inside a conflicting environment on in
put line 37.


Package wrapfig Warning: wrapfigure used inside a conflicting environment on in
put line 37.


Package wrapfig Warning: wrapfigure used inside a conflicting environment on in
put line 37.


Package wrapfig Warning: wrapfigure used inside a conflicting environment on in
put line 37.


Package wrapfig Warning: wrapfigure used inside a conflicting environment on in
put line 37.


Package wrapfig Warning: wrapfigure used inside a conflicting environment on in
put line 37.


Package wrapfig Warning: wrapfigure used inside a conflicting environment on in
put line 37.


Package wrapfig Warning: wrapfigure used inside a conflicting environment on in
put line 37.


Package wrapfig Warning: wrapfigure used inside a conflicting environment on in
put line 37.


Package wrapfig Warning: wrapfigure used inside a conflicting environment on in
put line 37.


Package wrapfig Warning: wrapfigure used inside a conflicting environment on in
put line 37.


Package wrapfig Warning: wrapfigure used inside a conflicting environment on in
put line 37.


Package wrapfig Warning: wrapfigure used inside a conflicting environment on in
put line 37.


Package wrapfig Warning: wrapfigure used inside a conflicting environment on in
put line 37.


Package wrapfig Warning: wrapfigure used inside a conflicting environment on in
put line 37.


Package wrapfig Warning: wrapfigure used inside a conflicting environment on in
put line 37.


Package wrapfig Warning: wrapfigure used inside a conflicting environment on in
put line 37.


Package wrapfig Warning: wrapfigure used inside a conflicting environment on in
put line 37.


Package wrapfig Warning: wrapfigure used inside a conflicting environment on in
put line 37.


Package wrapfig Warning: wrapfigure used inside a conflicting environment on in
put line 38.


Package wrapfig Warning: wrapfigure used inside a conflicting environment on in
put line 38.


Package wrapfig Warning: wrapfigure used inside a conflicting environment on in
put line 39.


Package wrapfig Warning: wrapfigure used inside a conflicting environment on in
put line 39.


Package wrapfig Warning: wrapfigure used inside a conflicting environment on in
put line 39.


Package wrapfig Warning: wrapfigure used inside a conflicting environment on in
put line 39.


Package wrapfig Warning: wrapfigure used inside a conflicting environment on in
put line 39.


Package wrapfig Warning: wrapfigure used inside a conflicting environment on in
put line 39.


Package wrapfig Warning: wrapfigure used inside a conflicting environment on in
put line 39.


Package wrapfig Warning: wrapfigure used inside a conflicting environment on in
put line 39.


Package wrapfig Warning: wrapfigure used inside a conflicting environment on in
put line 39.


Package wrapfig Warning: wrapfigure used inside a conflicting environment on in
put line 40.


Package wrapfig Warning: wrapfigure used inside a conflicting environment on in
put line 40.


Package wrapfig Warning: wrapfigure used inside a conflicting environment on in
put line 40.


Package wrapfig Warning: wrapfigure used inside a conflicting environment on in
put line 40.


Package wrapfig Warning: wrapfigure used inside a conflicting environment on in
put line 40.


Package wrapfig Warning: wrapfigure used inside a conflicting environment on in
put line 40.


Package wrapfig Warning: wrapfigure used inside a conflicting environment on in
put line 40.


Package wrapfig Warning: wrapfigure used inside a conflicting environment on in
put line 40.


Package wrapfig Warning: wrapfigure used inside a conflicting environment on in
put line 40.


Package wrapfig Warning: wrapfigure used inside a conflicting environment on in
put line 41.


Package wrapfig Warning: wrapfigure used inside a conflicting environment on in
put line 41.


Package wrapfig Warning: wrapfigure used inside a conflicting environment on in
put line 41.


Package wrapfig Warning: wrapfigure used inside a conflicting environment on in
put line 41.


Package wrapfig Warning: wrapfigure used inside a conflicting environment on in
put line 41.


Package wrapfig Warning: wrapfigure used inside a conflicting environment on in
put line 41.


Package wrapfig Warning: wrapfigure used inside a conflicting environment on in
put line 41.


Package wrapfig Warning: wrapfigure used inside a conflicting environment on in
put line 41.


Package wrapfig Warning: wrapfigure used inside a conflicting environment on in
put line 41.


Package wrapfig Warning: wrapfigure used inside a conflicting environment on in
put line 42.


Package wrapfig Warning: wrapfigure used inside a conflicting environment on in
put line 42.


Package wrapfig Warning: wrapfigure used inside a conflicting environment on in
put line 44.


Package wrapfig Warning: wrapfigure used inside a conflicting environment on in
put line 44.


Package wrapfig Warning: wrapfigure used inside a conflicting environment on in
put line 44.


Package wrapfig Warning: wrapfigure used inside a conflicting environment on in
put line 44.


Package wrapfig Warning: wrapfigure used inside a conflicting environment on in
put line 44.


Package wrapfig Warning: wrapfigure used inside a conflicting environment on in
put line 44.


Package wrapfig Warning: wrapfigure used inside a conflicting environment on in
put line 44.


Package wrapfig Warning: wrapfigure used inside a conflicting environment on in
put line 44.


Package wrapfig Warning: wrapfigure used inside a conflicting environment on in
put line 44.


Package wrapfig Warning: wrapfigure used inside a conflicting environment on in
put line 44.


Package wrapfig Warning: wrapfigure used inside a conflicting environment on in
put line 44.


Package wrapfig Warning: wrapfigure used inside a conflicting environment on in
put line 44.


Package wrapfig Warning: wrapfigure used inside a conflicting environment on in
put line 44.


Package wrapfig Warning: wrapfigure used inside a conflicting environment on in
put line 44.


Package wrapfig Warning: wrapfigure used inside a conflicting environment on in
put line 44.


Package wrapfig Warning: wrapfigure used inside a conflicting environment on in
put line 44.


Package wrapfig Warning: wrapfigure used inside a conflicting environment on in
put line 44.


Package wrapfig Warning: wrapfigure used inside a conflicting environment on in
put line 44.


Package wrapfig Warning: wrapfigure used inside a conflicting environment on in
put line 44.


Package wrapfig Warning: wrapfigure used inside a conflicting environment on in
put line 45.


Package wrapfig Warning: wrapfigure used inside a conflicting environment on in
put line 45.


Package wrapfig Warning: wrapfigure used inside a conflicting environment on in
put line 46.


Package wrapfig Warning: wrapfigure used inside a conflicting environment on in
put line 46.


Package wrapfig Warning: wrapfigure used inside a conflicting environment on in
put line 46.


Package wrapfig Warning: wrapfigure used inside a conflicting environment on in
put line 46.


Package wrapfig Warning: wrapfigure used inside a conflicting environment on in
put line 46.


Package wrapfig Warning: wrapfigure used inside a conflicting environment on in
put line 46.


Package wrapfig Warning: wrapfigure used inside a conflicting environment on in
put line 46.


Package wrapfig Warning: wrapfigure used inside a conflicting environment on in
put line 46.


Package wrapfig Warning: wrapfigure used inside a conflicting environment on in
put line 46.


Package wrapfig Warning: wrapfigure used inside a conflicting environment on in
put line 46.


Package wrapfig Warning: wrapfigure used inside a conflicting environment on in
put line 46.


Package wrapfig Warning: wrapfigure used inside a conflicting environment on in
put line 46.


Package wrapfig Warning: wrapfigure used inside a conflicting environment on in
put line 46.


Package wrapfig Warning: wrapfigure used inside a conflicting environment on in
put line 46.


Package wrapfig Warning: wrapfigure used inside a conflicting environment on in
put line 46.


Package wrapfig Warning: wrapfigure used inside a conflicting environment on in
put line 46.


Package wrapfig Warning: wrapfigure used inside a conflicting environment on in
put line 46.


Package wrapfig Warning: wrapfigure used inside a conflicting environment on in
put line 46.


Package wrapfig Warning: wrapfigure used inside a conflicting environment on in
put line 47.


Package wrapfig Warning: wrapfigure used inside a conflicting environment on in
put line 47.


Package wrapfig Warning: wrapfigure used inside a conflicting environment on in
put line 47.


Package wrapfig Warning: wrapfigure used inside a conflicting environment on in
put line 47.


Package wrapfig Warning: wrapfigure used inside a conflicting environment on in
put line 47.


Package wrapfig Warning: wrapfigure used inside a conflicting environment on in
put line 47.


Package wrapfig Warning: wrapfigure used inside a conflicting environment on in
put line 47.


Package wrapfig Warning: wrapfigure used inside a conflicting environment on in
put line 47.


Package wrapfig Warning: wrapfigure used inside a conflicting environment on in
put line 47.


Package wrapfig Warning: wrapfigure used inside a conflicting environment on in
put line 47.


Package wrapfig Warning: wrapfigure used inside a conflicting environment on in
put line 47.


Package wrapfig Warning: wrapfigure used inside a conflicting environment on in
put line 47.


Package wrapfig Warning: wrapfigure used inside a conflicting environment on in
put line 47.


Package wrapfig Warning: wrapfigure used inside a conflicting environment on in
put line 47.


Package wrapfig Warning: wrapfigure used inside a conflicting environment on in
put line 47.


Package wrapfig Warning: wrapfigure used inside a conflicting environment on in
put line 47.


Package wrapfig Warning: wrapfigure used inside a conflicting environment on in
put line 47.


Package wrapfig Warning: wrapfigure used inside a conflicting environment on in
put line 47.


Package wrapfig Warning: wrapfigure used inside a conflicting environment on in
put line 48.


Package wrapfig Warning: wrapfigure used inside a conflicting environment on in
put line 48.


Package wrapfig Warning: wrapfigure used inside a conflicting environment on in
put line 48.


Package wrapfig Warning: wrapfigure used inside a conflicting environment on in
put line 48.


Package wrapfig Warning: wrapfigure used inside a conflicting environment on in
put line 48.


Package wrapfig Warning: wrapfigure used inside a conflicting environment on in
put line 48.


Package wrapfig Warning: wrapfigure used inside a conflicting environment on in
put line 48.


Package wrapfig Warning: wrapfigure used inside a conflicting environment on in
put line 48.


Package wrapfig Warning: wrapfigure used inside a conflicting environment on in
put line 48.


Package wrapfig Warning: wrapfigure used inside a conflicting environment on in
put line 48.


Package wrapfig Warning: wrapfigure used inside a conflicting environment on in
put line 48.


Package wrapfig Warning: wrapfigure used inside a conflicting environment on in
put line 48.


Package wrapfig Warning: wrapfigure used inside a conflicting environment on in
put line 48.


Package wrapfig Warning: wrapfigure used inside a conflicting environment on in
put line 48.


Package wrapfig Warning: wrapfigure used inside a conflicting environment on in
put line 48.


Package wrapfig Warning: wrapfigure used inside a conflicting environment on in
put line 48.


Package wrapfig Warning: wrapfigure used inside a conflicting environment on in
put line 48.


Package wrapfig Warning: wrapfigure used inside a conflicting environment on in
put line 48.


Package wrapfig Warning: wrapfigure used inside a conflicting environment on in
put line 49.


Package wrapfig Warning: wrapfigure used inside a conflicting environment on in
put line 49.


Package wrapfig Warning: wrapfigure used inside a conflicting environment on in
put line 49.


Package wrapfig Warning: wrapfigure used inside a conflicting environment on in
put line 49.


Package wrapfig Warning: wrapfigure used inside a conflicting environment on in
put line 49.


Package wrapfig Warning: wrapfigure used inside a conflicting environment on in
put line 49.


Package wrapfig Warning: wrapfigure used inside a conflicting environment on in
put line 49.


Package wrapfig Warning: wrapfigure used inside a conflicting environment on in
put line 49.


Package wrapfig Warning: wrapfigure used inside a conflicting environment on in
put line 49.


Package wrapfig Warning: wrapfigure used inside a conflicting environment on in
put line 49.


Package wrapfig Warning: wrapfigure used inside a conflicting environment on in
put line 49.


Package wrapfig Warning: wrapfigure used inside a conflicting environment on in
put line 49.


Package wrapfig Warning: wrapfigure used inside a conflicting environment on in
put line 49.


Package wrapfig Warning: wrapfigure used inside a conflicting environment on in
put line 49.


Package wrapfig Warning: wrapfigure used inside a conflicting environment on in
put line 49.


Package wrapfig Warning: wrapfigure used inside a conflicting environment on in
put line 49.


Package wrapfig Warning: wrapfigure used inside a conflicting environment on in
put line 49.


Package wrapfig Warning: wrapfigure used inside a conflicting environment on in
put line 49.


Package wrapfig Warning: wrapfigure used inside a conflicting environment on in
put line 51.


Package wrapfig Warning: wrapfigure used inside a conflicting environment on in
put line 51.


Package wrapfig Warning: wrapfigure used inside a conflicting environment on in
put line 51.


Package wrapfig Warning: wrapfigure used inside a conflicting environment on in
put line 51.


Package wrapfig Warning: wrapfigure used inside a conflicting environment on in
put line 51.


Package wrapfig Warning: wrapfigure used inside a conflicting environment on in
put line 51.


Package wrapfig Warning: wrapfigure used inside a conflicting environment on in
put line 51.


Package wrapfig Warning: wrapfigure used inside a conflicting environment on in
put line 51.


Package wrapfig Warning: wrapfigure used inside a conflicting environment on in
put line 51.


Package wrapfig Warning: wrapfigure used inside a conflicting environment on in
put line 51.


Package wrapfig Warning: wrapfigure used inside a conflicting environment on in
put line 51.


Package wrapfig Warning: wrapfigure used inside a conflicting environment on in
put line 51.


Package wrapfig Warning: wrapfigure used inside a conflicting environment on in
put line 51.


Package wrapfig Warning: wrapfigure used inside a conflicting environment on in
put line 51.


Package wrapfig Warning: wrapfigure used inside a conflicting environment on in
put line 51.


Package wrapfig Warning: wrapfigure used inside a conflicting environment on in
put line 51.


Package wrapfig Warning: wrapfigure used inside a conflicting environment on in
put line 51.


Package wrapfig Warning: wrapfigure used inside a conflicting environment on in
put line 51.


Package wrapfig Warning: wrapfigure used inside a conflicting environment on in
put line 51.


Package wrapfig Warning: wrapfigure used inside a conflicting environment on in
put line 52.


Package wrapfig Warning: wrapfigure used inside a conflicting environment on in
put line 52.


Package wrapfig Warning: wrapfigure used inside a conflicting environment on in
put line 53.


Package wrapfig Warning: wrapfigure used inside a conflicting environment on in
put line 53.


Package wrapfig Warning: wrapfigure used inside a conflicting environment on in
put line 53.


Package wrapfig Warning: wrapfigure used inside a conflicting environment on in
put line 53.


Package wrapfig Warning: wrapfigure used inside a conflicting environment on in
put line 53.


Package wrapfig Warning: wrapfigure used inside a conflicting environment on in
put line 53.


Package wrapfig Warning: wrapfigure used inside a conflicting environment on in
put line 53.


Package wrapfig Warning: wrapfigure used inside a conflicting environment on in
put line 53.


Package wrapfig Warning: wrapfigure used inside a conflicting environment on in
put line 53.


Package wrapfig Warning: wrapfigure used inside a conflicting environment on in
put line 53.


Package wrapfig Warning: wrapfigure used inside a conflicting environment on in
put line 53.


Package wrapfig Warning: wrapfigure used inside a conflicting environment on in
put line 53.


Package wrapfig Warning: wrapfigure used inside a conflicting environment on in
put line 53.


Package wrapfig Warning: wrapfigure used inside a conflicting environment on in
put line 53.


Package wrapfig Warning: wrapfigure used inside a conflicting environment on in
put line 53.


Package wrapfig Warning: wrapfigure used inside a conflicting environment on in
put line 54.


Package wrapfig Warning: wrapfigure used inside a conflicting environment on in
put line 54.


Package wrapfig Warning: wrapfigure used inside a conflicting environment on in
put line 55.


Package wrapfig Warning: wrapfigure used inside a conflicting environment on in
put line 55.


Package wrapfig Warning: wrapfigure used inside a conflicting environment on in
put line 55.


Package wrapfig Warning: wrapfigure used inside a conflicting environment on in
put line 55.


Package wrapfig Warning: wrapfigure used inside a conflicting environment on in
put line 55.


Package wrapfig Warning: wrapfigure used inside a conflicting environment on in
put line 55.


Package wrapfig Warning: wrapfigure used inside a conflicting environment on in
put line 55.


Package wrapfig Warning: wrapfigure used inside a conflicting environment on in
put line 55.


Package wrapfig Warning: wrapfigure used inside a conflicting environment on in
put line 55.


Package wrapfig Warning: wrapfigure used inside a conflicting environment on in
put line 55.


Package wrapfig Warning: wrapfigure used inside a conflicting environment on in
put line 55.


Package wrapfig Warning: wrapfigure used inside a conflicting environment on in
put line 55.


Package wrapfig Warning: wrapfigure used inside a conflicting environment on in
put line 56.


Package wrapfig Warning: wrapfigure used inside a conflicting environment on in
put line 56.


Package wrapfig Warning: wrapfigure used inside a conflicting environment on in
put line 56.


Package wrapfig Warning: wrapfigure used inside a conflicting environment on in
put line 56.


Package wrapfig Warning: wrapfigure used inside a conflicting environment on in
put line 56.


Package wrapfig Warning: wrapfigure used inside a conflicting environment on in
put line 56.


Package wrapfig Warning: wrapfigure used inside a conflicting environment on in
put line 56.


Package wrapfig Warning: wrapfigure used inside a conflicting environment on in
put line 56.


Package wrapfig Warning: wrapfigure used inside a conflicting environment on in
put line 56.


Package wrapfig Warning: wrapfigure used inside a conflicting environment on in
put line 56.


Package wrapfig Warning: wrapfigure used inside a conflicting environment on in
put line 57.


Package wrapfig Warning: wrapfigure used inside a conflicting environment on in
put line 57.


Package wrapfig Warning: wrapfigure used inside a conflicting environment on in
put line 58.


Package wrapfig Warning: wrapfigure used inside a conflicting environment on in
put line 58.


Package wrapfig Warning: wrapfigure used inside a conflicting environment on in
put line 59.


Package wrapfig Warning: wrapfigure used inside a conflicting environment on in
put line 59.


Package wrapfig Warning: wrapfigure used inside a conflicting environment on in
put line 61.


Package wrapfig Warning: wrapfigure used inside a conflicting environment on in
put line 61.


Package wrapfig Warning: wrapfigure used inside a conflicting environment on in
put line 61.


Package wrapfig Warning: wrapfigure used inside a conflicting environment on in
put line 61.


Package wrapfig Warning: wrapfigure used inside a conflicting environment on in
put line 61.


Package wrapfig Warning: wrapfigure used inside a conflicting environment on in
put line 61.


Package wrapfig Warning: wrapfigure used inside a conflicting environment on in
put line 61.


Package wrapfig Warning: wrapfigure used inside a conflicting environment on in
put line 61.


Package wrapfig Warning: wrapfigure used inside a conflicting environment on in
put line 61.


Package wrapfig Warning: wrapfigure used inside a conflicting environment on in
put line 61.


Package wrapfig Warning: wrapfigure used inside a conflicting environment on in
put line 61.


Package wrapfig Warning: wrapfigure used inside a conflicting environment on in
put line 61.


Package wrapfig Warning: wrapfigure used inside a conflicting environment on in
put line 61.


Package wrapfig Warning: wrapfigure used inside a conflicting environment on in
put line 61.


Package wrapfig Warning: wrapfigure used inside a conflicting environment on in
put line 61.


Package wrapfig Warning: wrapfigure used inside a conflicting environment on in
put line 61.


Package wrapfig Warning: wrapfigure used inside a conflicting environment on in
put line 61.


Package wrapfig Warning: wrapfigure used inside a conflicting environment on in
put line 61.


Package wrapfig Warning: wrapfigure used inside a conflicting environment on in
put line 61.


Package wrapfig Warning: wrapfigure used inside a conflicting environment on in
put line 62.


Package wrapfig Warning: wrapfigure used inside a conflicting environment on in
put line 62.


Package wrapfig Warning: wrapfigure used inside a conflicting environment on in
put line 63.


Package wrapfig Warning: wrapfigure used inside a conflicting environment on in
put line 63.


Package wrapfig Warning: wrapfigure used inside a conflicting environment on in
put line 63.


Package wrapfig Warning: wrapfigure used inside a conflicting environment on in
put line 63.


Package wrapfig Warning: wrapfigure used inside a conflicting environment on in
put line 63.


Package wrapfig Warning: wrapfigure used inside a conflicting environment on in
put line 63.


Package wrapfig Warning: wrapfigure used inside a conflicting environment on in
put line 63.


Package wrapfig Warning: wrapfigure used inside a conflicting environment on in
put line 63.


Package wrapfig Warning: wrapfigure used inside a conflicting environment on in
put line 63.


Package wrapfig Warning: wrapfigure used inside a conflicting environment on in
put line 63.


Package wrapfig Warning: wrapfigure used inside a conflicting environment on in
put line 63.


Package wrapfig Warning: wrapfigure used inside a conflicting environment on in
put line 63.


Package wrapfig Warning: wrapfigure used inside a conflicting environment on in
put line 63.


Package wrapfig Warning: wrapfigure used inside a conflicting environment on in
put line 63.


Package wrapfig Warning: wrapfigure used inside a conflicting environment on in
put line 63.


Package wrapfig Warning: wrapfigure used inside a conflicting environment on in
put line 63.


Package wrapfig Warning: wrapfigure used inside a conflicting environment on in
put line 63.


Package wrapfig Warning: wrapfigure used inside a conflicting environment on in
put line 63.


Package wrapfig Warning: wrapfigure used inside a conflicting environment on in
put line 63.


Package wrapfig Warning: wrapfigure used inside a conflicting environment on in
put line 63.


Package wrapfig Warning: wrapfigure used inside a conflicting environment on in
put line 63.


Package wrapfig Warning: wrapfigure used inside a conflicting environment on in
put line 63.


Package wrapfig Warning: wrapfigure used inside a conflicting environment on in
put line 63.


Package wrapfig Warning: wrapfigure used inside a conflicting environment on in
put line 63.


Package wrapfig Warning: wrapfigure used inside a conflicting environment on in
put line 63.


Package wrapfig Warning: wrapfigure used inside a conflicting environment on in
put line 63.


Package wrapfig Warning: wrapfigure used inside a conflicting environment on in
put line 63.


Package wrapfig Warning: wrapfigure used inside a conflicting environment on in
put line 63.


Package wrapfig Warning: wrapfigure used inside a conflicting environment on in
put line 63.


Package wrapfig Warning: wrapfigure used inside a conflicting environment on in
put line 63.


Package wrapfig Warning: wrapfigure used inside a conflicting environment on in
put line 63.


Package wrapfig Warning: wrapfigure used inside a conflicting environment on in
put line 63.


Package wrapfig Warning: wrapfigure used inside a conflicting environment on in
put line 63.


Package wrapfig Warning: wrapfigure used inside a conflicting environment on in
put line 63.


Package wrapfig Warning: wrapfigure used inside a conflicting environment on in
put line 63.


Package wrapfig Warning: wrapfigure used inside a conflicting environment on in
put line 63.


Package wrapfig Warning: wrapfigure used inside a conflicting environment on in
put line 63.


Package wrapfig Warning: wrapfigure used inside a conflicting environment on in
put line 63.


Package wrapfig Warning: wrapfigure used inside a conflicting environment on in
put line 63.


Package wrapfig Warning: wrapfigure used inside a conflicting environment on in
put line 63.


Package wrapfig Warning: wrapfigure used inside a conflicting environment on in
put line 63.


Package wrapfig Warning: wrapfigure used inside a conflicting environment on in
put line 63.


Package wrapfig Warning: wrapfigure used inside a conflicting environment on in
put line 63.


Package wrapfig Warning: wrapfigure used inside a conflicting environment on in
put line 63.


Package wrapfig Warning: wrapfigure used inside a conflicting environment on in
put line 63.


Package wrapfig Warning: wrapfigure used inside a conflicting environment on in
put line 64.


Package wrapfig Warning: wrapfigure used inside a conflicting environment on in
put line 64.


Package wrapfig Warning: wrapfigure used inside a conflicting environment on in
put line 65.


Package wrapfig Warning: wrapfigure used inside a conflicting environment on in
put line 65.

)

Package wrapfig Warning: wrapfigure used inside a conflicting environment on in
put line 167.

Package atveryend Info: Empty hook `BeforeClearDocument' on input line 168.
[6]
Package atveryend Info: Empty hook `AfterLastShipout' on input line 168.
 (./document.aux)
Package atveryend Info: Executing hook `AtVeryEndDocument' on input line 168.
Package atveryend Info: Executing hook `AtEndAfterFileList' on input line 168.
Package rerunfilecheck Info: File `document.out' has not changed.
(rerunfilecheck)             Checksum: 1772267F70971AE8D04BDF3AC36BAD08;726.
Package atveryend Info: Empty hook `AtVeryVeryEnd' on input line 168.
 ) 
Here is how much of TeX's memory you used:
 8923 strings out of 494809
 133723 string characters out of 3178381
 576492 words of memory out of 3000000
 11902 multiletter control sequences out of 15000+200000
 13192 words of font info for 48 fonts, out of 3000000 for 9000
 230 hyphenation exceptions out of 8191
 38i,8n,47p,675b,1145s stack positions out of 5000i,500n,10000p,200000b,50000s
 </home/stian/.texmf-var/fonts/pk/ljfour/jknappen/ec/tcrm0600.600pk></usr/sha
re/texlive/texmf-dist/fonts/type1/public/amsfonts/cm/cmbx10.pfb></usr/share/tex
live/texmf-dist/fonts/type1/public/amsfonts/cm/cmmi10.pfb></usr/share/texlive/t
exmf-dist/fonts/type1/public/amsfonts/cm/cmmi6.pfb></usr/share/texlive/texmf-di
st/fonts/type1/public/amsfonts/cm/cmmi8.pfb></usr/share/texlive/texmf-dist/font
s/type1/public/amsfonts/cm/cmr10.pfb></usr/share/texlive/texmf-dist/fonts/type1
/public/amsfonts/cm/cmr12.pfb></usr/share/texlive/texmf-dist/fonts/type1/public
/amsfonts/cm/cmr6.pfb></usr/share/texlive/texmf-dist/fonts/type1/public/amsfont
s/cm/cmr8.pfb></usr/share/texlive/texmf-dist/fonts/type1/public/amsfonts/cm/cmr
9.pfb></usr/share/texlive/texmf-dist/fonts/type1/public/amsfonts/cm/cmssbx10.pf
b></usr/share/texlive/texmf-dist/fonts/type1/public/amsfonts/cm/cmsy6.pfb></usr
/share/texlive/texmf-dist/fonts/type1/public/amsfonts/cm/cmsy8.pfb></usr/share/
texlive/texmf-dist/fonts/type1/public/amsfonts/cm/cmti10.pfb></usr/share/texliv
e/texmf-dist/fonts/type1/public/amsfonts/cm/cmtt8.pfb></usr/share/texlive/texmf
-dist/fonts/type1/public/amsfonts/cm/cmtt9.pfb>
Output written on document.pdf (6 pages, 196005 bytes).
PDF statistics:
 291 PDF objects out of 1000 (max. 8388607)
 254 compressed objects within 3 object streams
 96 named destinations out of 1000 (max. 500000)
 112 words of extra memory for PDF output out of 10000 (max. 10000000)

