Build started 26.01.2012 14:13:31.
     1>Project "D:\Skole\TDT4171 Graphics Task1\Course1\Course1.vcxproj" on node 2 (build target(s)).
     1>InitializeBuildStatus:
         Creating "Debug\Course1.unsuccessfulbuild" because "AlwaysCreate" was specified.
       ClCompile:
         d:\Program Files (x86)\Microsoft Visual Studio 10.0\VC\bin\CL.exe /c /ZI /nologo /W3 /WX- /Od /Oy- /D WIN32 /D _DEBUG /D _CONSOLE /Gm /EHsc /RTC1 /MDd /GS /fp:precise /Zc:wchar_t /Zc:forScope /Fo"Debug\\" /Fd"Debug\vc100.pdb" /Gd /TP /analyze- /errorReport:prompt visuals.cpp
         visuals.cpp
       ManifestResourceCompile:
         All outputs are up-to-date.
       Link:
         d:\Program Files (x86)\Microsoft Visual Studio 10.0\VC\bin\link.exe /ERRORREPORT:PROMPT /OUT:"Debug\Course1.exe" /INCREMENTAL /NOLOGO /LIBPATH:gl odbc32.lib odbccp32.lib opengl32.lib glaux.lib glut32.lib kernel32.lib user32.lib gdi32.lib winspool.lib comdlg32.lib advapi32.lib shell32.lib ole32.lib oleaut32.lib uuid.lib odbc32.lib odbccp32.lib /MANIFEST /ManifestFile:"Debug\Course1.exe.intermediate.manifest" /MANIFESTUAC:"level='asInvoker' uiAccess='false'" /DEBUG /PDB:"D:\Skole\TDT4171 Graphics Task1\Course1\Debug\Course1.pdb" /SUBSYSTEM:CONSOLE /TLBID:1 /DYNAMICBASE:NO /IMPLIB:"Debug\Course1.lib" /MACHINE:X86 Debug\Course1.exe.embed.manifest.res
         Debug\main.obj
         Debug\visuals.obj
       Manifest:
         C:\Program Files (x86)\Microsoft SDKs\Windows\v7.0A\bin\mt.exe /nologo /verbose /out:"Debug\Course1.exe.embed.manifest" /manifest Debug\Course1.exe.intermediate.manifest
         All outputs are up-to-date.
       LinkEmbedManifest:
         All outputs are up-to-date.
         Course1.vcxproj -> D:\Skole\TDT4171 Graphics Task1\Course1\Debug\Course1.exe
       FinalizeBuildStatus:
         Deleting file "Debug\Course1.unsuccessfulbuild".
         Touching "Debug\Course1.lastbuildstate".
     1>Done Building Project "D:\Skole\TDT4171 Graphics Task1\Course1\Course1.vcxproj" (build target(s)).

Build succeeded.

Time Elapsed 00:00:03.58
