This is pdfTeX, Version 3.1415926-2.3-1.40.12 (MiKTeX 2.9) (preloaded format=pdflatex 2012.4.12)  12 APR 2012 12:28
entering extended mode
**document.tex
("F:\Workspaces\Skole\TDT4205 Task6\document.tex"
LaTeX2e <2011/06/27>
Babel <v3.8m> and hyphenation patterns for english, afrikaans, ancientgreek, ar
abic, armenian, assamese, basque, bengali, bokmal, bulgarian, catalan, coptic, 
croatian, czech, danish, dutch, esperanto, estonian, farsi, finnish, french, ga
lician, german, german-x-2009-06-19, greek, gujarati, hindi, hungarian, iceland
ic, indonesian, interlingua, irish, italian, kannada, kurmanji, lao, latin, lat
vian, lithuanian, malayalam, marathi, mongolian, mongolianlmc, monogreek, ngerm
an, ngerman-x-2009-06-19, nynorsk, oriya, panjabi, pinyin, polish, portuguese, 
romanian, russian, sanskrit, serbian, slovak, slovenian, spanish, swedish, swis
sgerman, tamil, telugu, turkish, turkmen, ukenglish, ukrainian, uppersorbian, u
senglishmax, welsh, loaded.
(C:\Users\Stian\AppData\Roaming\MiKTeX\2.9\tex\latex\koma-script\scrartcl.cls
Document Class: scrartcl 2012/03/08 v3.10a KOMA-Script document class (article)

(C:\Users\Stian\AppData\Roaming\MiKTeX\2.9\tex\latex\koma-script\scrkbase.sty
Package: scrkbase 2012/03/08 v3.10a KOMA-Script package (KOMA-Script-dependent 
basics and keyval usage)

(C:\Users\Stian\AppData\Roaming\MiKTeX\2.9\tex\latex\koma-script\scrbase.sty
Package: scrbase 2012/03/08 v3.10a KOMA-Script package (KOMA-Script-independent
 basics and keyval usage)

("E:\Program Files (x86)\MiKTeX 2.9\tex\latex\graphics\keyval.sty"
Package: keyval 1999/03/16 v1.13 key=value parser (DPC)
\KV@toks@=\toks14
)
(C:\Users\Stian\AppData\Roaming\MiKTeX\2.9\tex\latex\koma-script\scrlfile.sty
Package: scrlfile 2011/03/09 v3.09 KOMA-Script package (loading files)

Package scrlfile, 2011/03/09 v3.09 KOMA-Script package (loading files)
                  Copyright (C) Markus Kohm

)))
(C:\Users\Stian\AppData\Roaming\MiKTeX\2.9\tex\latex\koma-script\tocbasic.sty
Package: tocbasic 2011/05/30 v3.09a KOMA-Script package (handling toc-files)
)
Package tocbasic Info: omitting babel extension for `toc'
(tocbasic)             because of feature `nobabel' available
(tocbasic)             for `toc' on input line 115.
Package tocbasic Info: omitting babel extension for `lof'
(tocbasic)             because of feature `nobabel' available
(tocbasic)             for `lof' on input line 116.
Package tocbasic Info: omitting babel extension for `lot'
(tocbasic)             because of feature `nobabel' available
(tocbasic)             for `lot' on input line 117.
Class scrartcl Info: File `scrsize11pt.clo' used instead of
(scrartcl)           file `scrsize11.clo' to setup font sizes on input line 126
3.

(C:\Users\Stian\AppData\Roaming\MiKTeX\2.9\tex\latex\koma-script\scrsize11pt.cl
o
File: scrsize11pt.clo 2012/03/08 v3.10a KOMA-Script font size class option (11p
t)
)
(C:\Users\Stian\AppData\Roaming\MiKTeX\2.9\tex\latex\koma-script\typearea.sty
Package: typearea 2012/03/08 v3.10a KOMA-Script package (type area)

Package typearea, 2012/03/08 v3.10a KOMA-Script package (type area)
                  Copyright (C) Frank Neukam, 1992-1994
                  Copyright (C) Markus Kohm, 1994-

\ta@bcor=\skip41
\ta@div=\count79
Package typearea Info: You've used standard option `a4paper'.
(typearea)             This is correct!
(typearea)             Internally I'm using `paper=a4'.
(typearea)             If you'd like to set the option with \KOMAoptions,
(typearea)             you'd have to use `paper=a4' there
(typearea)             instead of `a4paper', too.
\ta@hblk=\skip42
\ta@vblk=\skip43
\ta@temp=\skip44
Package typearea Info: These are the values describing the layout:
(typearea)             DIV  = 10
(typearea)             BCOR = 0.0pt
(typearea)             \paperwidth      = 597.50793pt
(typearea)              \textwidth      = 418.25555pt
(typearea)              DIV departure   = -6%
(typearea)              \evensidemargin = 17.3562pt
(typearea)              \oddsidemargin  = 17.3562pt
(typearea)             \paperheight     = 845.04694pt
(typearea)              \textheight     = 595.80026pt
(typearea)              \topmargin      = -25.16531pt
(typearea)              \headheight     = 17.0pt
(typearea)              \headsep        = 20.40001pt
(typearea)              \topskip        = 11.0pt
(typearea)              \footskip       = 47.60002pt
(typearea)              \baselineskip   = 13.6pt
(typearea)              on input line 1177.
)
\c@part=\count80
\c@section=\count81
\c@subsection=\count82
\c@subsubsection=\count83
\c@paragraph=\count84
\c@subparagraph=\count85
\abovecaptionskip=\skip45
\belowcaptionskip=\skip46
\c@pti@nb@sid@b@x=\box26
\c@figure=\count86
\c@table=\count87
\bibindent=\dimen102
) ("E:\Program Files (x86)\MiKTeX 2.9\tex\latex\graphics\graphicx.sty"
Package: graphicx 1999/02/16 v1.0f Enhanced LaTeX Graphics (DPC,SPQR)

("E:\Program Files (x86)\MiKTeX 2.9\tex\latex\graphics\graphics.sty"
Package: graphics 2009/02/05 v1.0o Standard LaTeX Graphics (DPC,SPQR)

("E:\Program Files (x86)\MiKTeX 2.9\tex\latex\graphics\trig.sty"
Package: trig 1999/03/16 v1.09 sin cos tan (DPC)
)
("E:\Program Files (x86)\MiKTeX 2.9\tex\latex\00miktex\graphics.cfg"
File: graphics.cfg 2007/01/18 v1.5 graphics configuration of teTeX/TeXLive
)
Package graphics Info: Driver file: pdftex.def on input line 91.

("E:\Program Files (x86)\MiKTeX 2.9\tex\latex\pdftex-def\pdftex.def"
File: pdftex.def 2011/05/27 v0.06d Graphics/color for pdfTeX

("E:\Program Files (x86)\MiKTeX 2.9\tex\generic\oberdiek\infwarerr.sty"
Package: infwarerr 2010/04/08 v1.3 Providing info/warning/message (HO)
)
("E:\Program Files (x86)\MiKTeX 2.9\tex\generic\oberdiek\ltxcmds.sty"
Package: ltxcmds 2011/04/18 v1.20 LaTeX kernel commands for general use (HO)
)
\Gread@gobject=\count88
))
\Gin@req@height=\dimen103
\Gin@req@width=\dimen104
)
(C:\Users\Stian\AppData\Roaming\MiKTeX\2.9\tex\latex\listings\listings.sty
\lst@mode=\count89
\lst@gtempboxa=\box27
\lst@token=\toks15
\lst@length=\count90
\lst@currlwidth=\dimen105
\lst@column=\count91
\lst@pos=\count92
\lst@lostspace=\dimen106
\lst@width=\dimen107
\lst@newlines=\count93
\lst@lineno=\count94
\lst@maxwidth=\dimen108

(C:\Users\Stian\AppData\Roaming\MiKTeX\2.9\tex\latex\listings\lstmisc.sty
File: lstmisc.sty 2007/02/22 1.4 (Carsten Heinz)
\c@lstnumber=\count95
\lst@skipnumbers=\count96
\lst@framebox=\box28
)
(C:\Users\Stian\AppData\Roaming\MiKTeX\2.9\tex\latex\listings\listings.cfg
File: listings.cfg 2007/02/22 1.4 listings configuration
))
Package: listings 2007/02/22 1.4 (Carsten Heinz)

("E:\Program Files (x86)\MiKTeX 2.9\tex\latex\graphics\color.sty"
Package: color 2005/11/14 v1.0j Standard LaTeX Color (DPC)

("E:\Program Files (x86)\MiKTeX 2.9\tex\latex\00miktex\color.cfg"
File: color.cfg 2007/01/18 v1.5 color configuration of teTeX/TeXLive
)
Package color Info: Driver file: pdftex.def on input line 130.
)
("E:\Program Files (x86)\MiKTeX 2.9\tex\latex\base\makeidx.sty"
Package: makeidx 2000/03/29 v1.0m Standard LaTeX package
)
("E:\Program Files (x86)\MiKTeX 2.9\tex\latex\hyperref\hyperref.sty"
Package: hyperref 2011/08/19 v6.82h Hypertext links for LaTeX

("E:\Program Files (x86)\MiKTeX 2.9\tex\generic\oberdiek\hobsub-hyperref.sty"
Package: hobsub-hyperref 2011/04/23 v1.4 Bundle oberdiek, subset hyperref (HO)

("E:\Program Files (x86)\MiKTeX 2.9\tex\generic\oberdiek\hobsub-generic.sty"
Package: hobsub-generic 2011/04/23 v1.4 Bundle oberdiek, subset generic (HO)
Package: hobsub 2011/04/23 v1.4 Subsetting bundle oberdiek (HO)
Package hobsub Info: Skipping package `infwarerr' (already loaded).
Package hobsub Info: Skipping package `ltxcmds' (already loaded).
Package: ifluatex 2010/03/01 v1.3 Provides the ifluatex switch (HO)
Package ifluatex Info: LuaTeX not detected.
Package: ifvtex 2010/03/01 v1.5 Switches for detecting VTeX and its modes (HO)
Package ifvtex Info: VTeX not detected.
Package: intcalc 2007/09/27 v1.1 Expandable integer calculations (HO)
Package: ifpdf 2011/01/30 v2.3 Provides the ifpdf switch (HO)
Package ifpdf Info: pdfTeX in PDF mode is detected.
Package: etexcmds 2011/02/16 v1.5 Prefix for e-TeX command names (HO)
Package etexcmds Info: Could not find \expanded.
(etexcmds)             That can mean that you are not using pdfTeX 1.50 or
(etexcmds)             that some package has redefined \expanded.
(etexcmds)             In the latter case, load this package earlier.
Package: kvsetkeys 2011/04/07 v1.13 Key value parser (HO)
Package: kvdefinekeys 2011/04/07 v1.3 Defining keys (HO)
Package: pdftexcmds 2011/04/22 v0.16 Utilities of pdfTeX for LuaTeX (HO)
Package pdftexcmds Info: LuaTeX not detected.
Package pdftexcmds Info: \pdf@primitive is available.
Package pdftexcmds Info: \pdf@ifprimitive is available.
Package pdftexcmds Info: \pdfdraftmode found.
Package: pdfescape 2011/04/04 v1.12 Provides string conversions (HO)
Package: bigintcalc 2011/01/30 v1.2 Expandable big integer calculations (HO)
Package: bitset 2011/01/30 v1.1 Data type bit set (HO)
Package: uniquecounter 2011/01/30 v1.2 Provides unlimited unique counter (HO)
)
Package hobsub Info: Skipping package `hobsub' (already loaded).
Package: letltxmacro 2010/09/02 v1.4 Let assignment for LaTeX macros (HO)
Package: hopatch 2011/01/30 v1.0 Wrapper for package hooks (HO)
Package: xcolor-patch 2011/01/30 xcolor patch
Package: atveryend 2011/04/23 v1.7 Hooks at very end of document (HO)
Package: atbegshi 2011/01/30 v1.15 At begin shipout hook (HO)
Package: refcount 2010/12/01 v3.2 Data extraction from references (HO)
Package: hycolor 2011/01/30 v1.7 Color options of hyperref/bookmark (HO)
)
("E:\Program Files (x86)\MiKTeX 2.9\tex\generic\ifxetex\ifxetex.sty"
Package: ifxetex 2010/09/12 v0.6 Provides ifxetex conditional
)
("E:\Program Files (x86)\MiKTeX 2.9\tex\latex\oberdiek\kvoptions.sty"
Package: kvoptions 2010/12/23 v3.10 Keyval support for LaTeX options (HO)
)
\@linkdim=\dimen109
\Hy@linkcounter=\count97
\Hy@pagecounter=\count98

("E:\Program Files (x86)\MiKTeX 2.9\tex\latex\hyperref\pd1enc.def"
File: pd1enc.def 2011/08/19 v6.82h Hyperref: PDFDocEncoding definition (HO)
)
\Hy@SavedSpaceFactor=\count99

("E:\Program Files (x86)\MiKTeX 2.9\tex\latex\00miktex\hyperref.cfg"
File: hyperref.cfg 2002/06/06 v1.2 hyperref configuration of TeXLive
)
Package hyperref Info: Hyper figures OFF on input line 4053.
Package hyperref Info: Link nesting OFF on input line 4058.
Package hyperref Info: Hyper index ON on input line 4061.
Package hyperref Info: Plain pages OFF on input line 4068.
Package hyperref Info: Backreferencing OFF on input line 4073.
Package hyperref Info: Implicit mode ON; LaTeX internals redefined.
Package hyperref Info: Bookmarks ON on input line 4291.
\c@Hy@tempcnt=\count100

("E:\Program Files (x86)\MiKTeX 2.9\tex\latex\ltxmisc\url.sty"
\Urlmuskip=\muskip10
Package: url 2006/04/12  ver 3.3  Verb mode for urls, etc.
)
LaTeX Info: Redefining \url on input line 4644.
\Fld@menulength=\count101
\Field@Width=\dimen110
\Fld@charsize=\dimen111
Package hyperref Info: Hyper figures OFF on input line 5730.
Package hyperref Info: Link nesting OFF on input line 5735.
Package hyperref Info: Hyper index ON on input line 5738.
Package hyperref Info: backreferencing OFF on input line 5745.
Package hyperref Info: Link coloring OFF on input line 5750.
Package hyperref Info: Link coloring with OCG OFF on input line 5755.
Package hyperref Info: PDF/A mode OFF on input line 5760.
LaTeX Info: Redefining \ref on input line 5800.
LaTeX Info: Redefining \pageref on input line 5804.
\Hy@abspage=\count102
\c@Item=\count103
\c@Hfootnote=\count104
)

Package hyperref Message: Driver (autodetected): hpdftex.

("E:\Program Files (x86)\MiKTeX 2.9\tex\latex\hyperref\hpdftex.def"
File: hpdftex.def 2011/08/19 v6.82h Hyperref driver for pdfTeX
\Fld@listcount=\count105
\c@bookmark@seq@number=\count106

("E:\Program Files (x86)\MiKTeX 2.9\tex\latex\oberdiek\rerunfilecheck.sty"
Package: rerunfilecheck 2011/04/15 v1.7 Rerun checks for auxiliary files (HO)
Package uniquecounter Info: New unique counter `rerunfilecheck' on input line 2
82.
)
\Hy@SectionHShift=\skip47
)
("E:\Program Files (x86)\MiKTeX 2.9\tex\latex\ltxmisc\parskip.sty"
Package: parskip 2001/04/09 non-zero parskip adjustments
)
("E:\Program Files (x86)\MiKTeX 2.9\tex\latex\multirow\multirow.sty"
\bigstrutjot=\dimen112
)
(C:\Users\Stian\AppData\Roaming\MiKTeX\2.9\tex\latex\tocloft\tocloft.sty
Package: tocloft 2010/10/13 v2.3e parameterised ToC, etc., typesetting
Package tocloft Info: The document has section divisions on input line 43.
\cftparskip=\skip48
\cftbeforetoctitleskip=\skip49
\cftaftertoctitleskip=\skip50
\cftbeforepartskip=\skip51
\cftpartnumwidth=\skip52
\cftpartindent=\skip53
\cftbeforesecskip=\skip54
\cftsecindent=\skip55
\cftsecnumwidth=\skip56
\cftbeforesubsecskip=\skip57
\cftsubsecindent=\skip58
\cftsubsecnumwidth=\skip59
\cftbeforesubsubsecskip=\skip60
\cftsubsubsecindent=\skip61
\cftsubsubsecnumwidth=\skip62
\cftbeforeparaskip=\skip63
\cftparaindent=\skip64
\cftparanumwidth=\skip65
\cftbeforesubparaskip=\skip66
\cftsubparaindent=\skip67
\cftsubparanumwidth=\skip68
\cftbeforeloftitleskip=\skip69
\cftafterloftitleskip=\skip70
\cftbeforefigskip=\skip71
\cftfigindent=\skip72
\cftfignumwidth=\skip73
\c@lofdepth=\count107
\c@lotdepth=\count108
\cftbeforelottitleskip=\skip74
\cftafterlottitleskip=\skip75
\cftbeforetabskip=\skip76
\cfttabindent=\skip77
\cfttabnumwidth=\skip78
)
\@indexfile=\write3

Writing index file document.idx
Package hyperref Info: Option `unicode' set `false' on input line 37.
Package hyperref Info: Option `pdftoolbar' set `true' on input line 37.
Package hyperref Info: Option `pdfmenubar' set `true' on input line 37.
Package hyperref Info: Option `pdffitwindow' set `false' on input line 37.
Package hyperref Info: Option `pdfnewwindow' set `true' on input line 37.
Package hyperref Info: Option `colorlinks' set `true' on input line 37.
("F:\Workspaces\Skole\TDT4205 Task6\styles/xml.tex")
("F:\Workspaces\Skole\TDT4205 Task6\styles/vsl.tex")
("F:\Workspaces\Skole\TDT4205 Task6\document.aux")
LaTeX Font Info:    Checking defaults for OML/cmm/m/it on input line 52.
LaTeX Font Info:    ... okay on input line 52.
LaTeX Font Info:    Checking defaults for T1/cmr/m/n on input line 52.
LaTeX Font Info:    ... okay on input line 52.
LaTeX Font Info:    Checking defaults for OT1/cmr/m/n on input line 52.
LaTeX Font Info:    ... okay on input line 52.
LaTeX Font Info:    Checking defaults for OMS/cmsy/m/n on input line 52.
LaTeX Font Info:    ... okay on input line 52.
LaTeX Font Info:    Checking defaults for OMX/cmex/m/n on input line 52.
LaTeX Font Info:    ... okay on input line 52.
LaTeX Font Info:    Checking defaults for U/cmr/m/n on input line 52.
LaTeX Font Info:    ... okay on input line 52.
LaTeX Font Info:    Checking defaults for PD1/pdf/m/n on input line 52.
LaTeX Font Info:    ... okay on input line 52.

(C:\Users\Stian\AppData\Roaming\MiKTeX\2.9\tex\context\base\supp-pdf.mkii
[Loading MPS to PDF converter (version 2006.09.02).]
\scratchcounter=\count109
\scratchdimen=\dimen113
\scratchbox=\box29
\nofMPsegments=\count110
\nofMParguments=\count111
\everyMPshowfont=\toks16
\MPscratchCnt=\count112
\MPscratchDim=\dimen114
\MPnumerator=\count113
\makeMPintoPDFobject=\count114
\everyMPtoPDFconversion=\toks17
)
\c@lstlisting=\count115
\AtBeginShipoutBox=\box30
Package hyperref Info: Link coloring ON on input line 52.
 ("E:\Program Files (x86)\MiKTeX 2.9\tex\latex\hyperref\nameref.sty"
Package: nameref 2010/04/30 v2.40 Cross-referencing by name of section

("E:\Program Files (x86)\MiKTeX 2.9\tex\generic\oberdiek\gettitlestring.sty"
Package: gettitlestring 2010/12/03 v1.4 Cleanup title references (HO)
)
\c@section@level=\count116
)
LaTeX Info: Redefining \ref on input line 52.
LaTeX Info: Redefining \pageref on input line 52.
LaTeX Info: Redefining \nameref on input line 52.

("F:\Workspaces\Skole\TDT4205 Task6\document.out")
("F:\Workspaces\Skole\TDT4205 Task6\document.out")
\@outlinefile=\write4
LaTeX Font Info:    External font `cmex10' loaded for size
(Font)              <14.4> on input line 54.
LaTeX Font Info:    External font `cmex10' loaded for size
(Font)              <7> on input line 54.

("F:\Workspaces\Skole\TDT4205 Task6\document.toc"
Overfull \hbox (26.90181pt too wide) detected at line 1
\OT1/cmr/bx/n/10.95 PART 1 
 []

LaTeX Font Info:    External font `cmex10' loaded for size
(Font)              <10.95> on input line 1.
LaTeX Font Info:    External font `cmex10' loaded for size
(Font)              <8> on input line 1.
LaTeX Font Info:    External font `cmex10' loaded for size
(Font)              <6> on input line 1.

Overfull \hbox (13.80911pt too wide) detected at line 2
\OT1/cmr/m/n/10.95 Task 1.1 
 []


Overfull \hbox (13.80911pt too wide) detected at line 6
\OT1/cmr/m/n/10.95 Task 1.2 
 []

)
\tf@toc=\write5
 [1


{C:/Users/Stian/AppData/Local/MiKTeX/2.9/pdftex/config/pdftex.map}]
(C:\Users\Stian\AppData\Roaming\MiKTeX\2.9\tex\latex\listings\lstlang1.sty
File: lstlang1.sty 2004/09/05 1.3 listings language file
)
(C:\Users\Stian\AppData\Roaming\MiKTeX\2.9\tex\latex\listings\lstmisc.sty
File: lstmisc.sty 2007/02/22 1.4 (Carsten Heinz)
)
LaTeX Font Info:    Font shape `OT1/cmtt/bx/n' in size <10> not available
(Font)              Font shape `OT1/cmtt/m/n' tried instead on input line 65.
LaTeX Font Info:    External font `cmex10' loaded for size
(Font)              <5> on input line 65.
LaTeX Font Info:    Try loading font information for OMS+cmr on input line 65.

("E:\Program Files (x86)\MiKTeX 2.9\tex\latex\base\omscmr.fd"
File: omscmr.fd 1999/05/25 v2.5h Standard LaTeX font definitions
)
LaTeX Font Info:    Font shape `OMS/cmr/m/n' in size <10> not available
(Font)              Font shape `OMS/cmsy/m/n' tried instead on input line 65.
 [2] [3]
LaTeX Font Info:    Try loading font information for OML+cmr on input line 169.


("E:\Program Files (x86)\MiKTeX 2.9\tex\latex\base\omlcmr.fd"
File: omlcmr.fd 1999/05/25 v2.5h Standard LaTeX font definitions
)
LaTeX Font Info:    Font shape `OML/cmr/m/n' in size <10> not available
(Font)              Font shape `OML/cmm/m/it' tried instead on input line 169.
 [4]
LaTeX Font Info:    Font shape `OMS/cmr/m/n' in size <10.95> not available
(Font)              Font shape `OMS/cmsy/m/n' tried instead on input line 207.
Package atveryend Info: Empty hook `BeforeClearDocument' on input line 230.
 [5]
Package atveryend Info: Empty hook `AfterLastShipout' on input line 230.

("F:\Workspaces\Skole\TDT4205 Task6\document.aux")
Package atveryend Info: Executing hook `AtVeryEndDocument' on input line 230.
Package atveryend Info: Executing hook `AtEndAfterFileList' on input line 230.
Package rerunfilecheck Info: File `document.out' has not changed.
(rerunfilecheck)             Checksum: 6EEFE94E619BE85DF75A5071F131C9B4;705.
 ) 
Here is how much of TeX's memory you used:
 7757 strings out of 494045
 118546 string characters out of 3145969
 335827 words of memory out of 3000000
 10896 multiletter control sequences out of 15000+200000
 10504 words of font info for 37 fonts, out of 3000000 for 9000
 715 hyphenation exceptions out of 8191
 38i,7n,51p,241b,1269s stack positions out of 5000i,500n,10000p,200000b,50000s
<E:/Program Files (x86)/MiKTeX 2.9/fonts/type1/public/amsfonts/cm/cmbx10.pfb>
<E:/Program Files (x86)/MiKTeX 2.9/fonts/type1/public/amsfonts/cm/cmmi10.pfb><E
:/Program Files (x86)/MiKTeX 2.9/fonts/type1/public/amsfonts/cm/cmr10.pfb><E:/P
rogram Files (x86)/MiKTeX 2.9/fonts/type1/public/amsfonts/cm/cmr12.pfb><E:/Prog
ram Files (x86)/MiKTeX 2.9/fonts/type1/public/amsfonts/cm/cmr8.pfb><E:/Program 
Files (x86)/MiKTeX 2.9/fonts/type1/public/amsfonts/cm/cmssbx10.pfb><E:/Program 
Files (x86)/MiKTeX 2.9/fonts/type1/public/amsfonts/cm/cmsy10.pfb><E:/Program Fi
les (x86)/MiKTeX 2.9/fonts/type1/public/amsfonts/cm/cmti10.pfb><E:/Program File
s (x86)/MiKTeX 2.9/fonts/type1/public/amsfonts/cm/cmtt10.pfb>
Output written on document.pdf (5 pages, 140485 bytes).
PDF statistics:
 196 PDF objects out of 1000 (max. 8388607)
 81 named destinations out of 1000 (max. 500000)
 81 words of extra memory for PDF output out of 10000 (max. 10000000)

